#-----------------------------------------------------------
# Vivado v2017.2 (64-bit)
# SW Build 1909853 on Thu Jun 15 18:39:09 MDT 2017
# IP Build 1909766 on Thu Jun 15 19:58:00 MDT 2017
# Start of session at: Mon Jul 10 21:09:33 2017
# Process ID: 8516
# Current directory: C:/Users/ianma/Documents/Simula/Pratica - 8/Maquina_de_estado
# Command line: vivado.exe -gui_launcher_event rodinguilauncherevent6192 C:\Users\ianma\Documents\Simula\Pratica - 8\Maquina_de_estado\Maquina_de_estado.xpr
# Log file: C:/Users/ianma/Documents/Simula/Pratica - 8/Maquina_de_estado/vivado.log
# Journal file: C:/Users/ianma/Documents/Simula/Pratica - 8/Maquina_de_estado\vivado.jou
#-----------------------------------------------------------
start_gui
open_project {C:/Users/ianma/Documents/Simula/Pratica - 8/Maquina_de_estado/Maquina_de_estado.xpr}
Scanning sources...
Finished scanning sources
INFO: [IP_Flow 19-234] Refreshing IP repositories
INFO: [IP_Flow 19-1704] No user IP repositories specified
INFO: [IP_Flow 19-2313] Loaded Vivado IP repository 'C:/Xilinx/Vivado/2017.2/data/ip'.
open_project: Time (s): cpu = 00:00:53 ; elapsed = 00:01:03 . Memory (MB): peak = 714.945 ; gain = 48.547
update_compile_order -fileset sources_1
exit
INFO: [Common 17-206] Exiting Vivado at Mon Jul 10 22:08:15 2017...
