Vivado Simulator 2017.2
Copyright 1986-1999, 2001-2016 Xilinx, Inc. All Rights Reserved.
Running: C:/Xilinx/Vivado/2017.2/bin/unwrapped/win64.o/xelab.exe -wto 8e886bc9c62743dbb2bb2c33e2b4102f --debug typical --relax --mt 2 -L xil_defaultlib -L secureip --snapshot tb_Somador_Subtractor_behav xil_defaultlib.tb_Somador_Subtractor -log elaborate.log 
Using 2 slave threads.
Starting static elaboration
Completed static elaboration
Starting simulation data flow analysis
Completed simulation data flow analysis
Time Resolution for simulation is 1ps
Compiling package std.standard
Compiling package std.textio
Compiling package ieee.std_logic_1164
Compiling package ieee.numeric_std
Compiling architecture behavioral of entity xil_defaultlib.Half_Adder [half_adder_default]
Compiling architecture behavioral of entity xil_defaultlib.Full_Adder [full_adder_default]
Compiling architecture behavioral of entity xil_defaultlib.Somador_4bits [somador_4bits_default]
Compiling architecture behavioral of entity xil_defaultlib.Half_Subtractor [half_subtractor_default]
Compiling architecture behavioral of entity xil_defaultlib.Full_Subtractor [full_subtractor_default]
Compiling architecture behavioral of entity xil_defaultlib.Subtractor_4bits [subtractor_4bits_default]
Compiling architecture behavioral of entity xil_defaultlib.Somador_Subtractor [somador_subtractor_default]
Compiling architecture behavioral of entity xil_defaultlib.tb_somador_subtractor
Built simulation snapshot tb_Somador_Subtractor_behav
