Unable to capture context for thread 7916 in process 8380, can not generate back trace
Exception at PC 0x00007FF870A27788
Exception at PC 0x00007FF870A27788
Exception at PC 0x00007FF870A27788
Exception at PC 0x00007FF84A66BB93
Printing stacktrace...

Exception at PC 0x00007FF870A27788
Unable to capture context for thread 32 in process 8380, can not generate back trace
Exception at PC 0x00007FF870A27788
Exception at PC 0x00007FF870A27788
Exception at PC 0x00007FF870A27788
Exception at PC 0x00007FF870A27788
Unable to capture context for thread 5456 in process 8380, can not generate back trace
Exception at PC 0x00007FF870A27788
Exception at PC 0x00007FF870A27788
Exception at PC 0x00007FF870A27788
Exception at PC 0x00007FF870A27788
Exception at PC 0x00007FF870A27788
Exception at PC 0x00007FF870A27788
Exception at PC 0x00007FF870A27788
Exception at PC 0x00007FF870A27788
Exception at PC 0x00007FF870A27788
[0]  [0x00007FF84A66BB93]
[1]  [0x00007FF84A66BB93]
[2]  [0x00007FF84A66B4A1]
[3]  [0x00007FF84A66B3EF]
[4]  [0x00007FF84A6519FE]
[5]  [0x00007FF84A650ED1]
[6]  [0x00007FF84A650D76]
[7]  [0x00007FF84A5F79F6]
[8]  [0x00007FF84A5E7AFB]
[9]  [0x00007FF84A70E90A]
[10]  [0x00007FF84A729F87]
[11]  [0x00007FF84A72A05F]
[12] (BaseThreadInitThunk+0x14) [0x00007FF871118364]
[13] (RtlUserThreadStart+0x21) [0x00007FF8738E70D1]
Done
