Exception at PC 0x00007FF8C5147788
Exception at PC 0x00007FF8C5147788
Exception at PC 0x00007FF8C5147788
Exception at PC 0x00007FF8C5147788
Exception at PC 0x00007FF8C5147788
Unable to capture context for thread 6012 in process 3428, can not generate back trace
Unable to capture context for thread 8504 in process 3428, can not generate back trace
Exception at PC 0x00007FF87A91BB93
Printing stacktrace...

Unable to capture context for thread 8504 in process 3428, can not generate back trace
Unable to capture context for thread 3280 in process 3428, can not generate back trace
Exception at PC 0x00007FF8C5147788
Exception at PC 0x00007FF8C5147788
Exception at PC 0x00007FF8C5147788
Exception at PC 0x00007FF8C5147788
Exception at PC 0x00007FF8C5147788
Exception at PC 0x00007FF8C5147788
Exception at PC 0x00007FF8C5147788
Exception at PC 0x00007FF8C5147788
Exception at PC 0x00007FF8C5147788
Exception at PC 0x00007FF8C5147788
Exception at PC 0x00007FF8C5147788
Exception at PC 0x00007FF8C5147788
[0]  [0x00007FF87A91BB93]
[1]  [0x00007FF87A91BB93]
[2]  [0x00007FF87A91B4A1]
[3]  [0x00007FF87A91B3EF]
[4]  [0x00007FF87A9019FE]
[5]  [0x00007FF87A900ED1]
[6]  [0x00007FF87A900D76]
[7]  [0x00007FF87A8A79F6]
[8]  [0x00007FF87A897AFB]
[9]  [0x00007FF87A9BE90A]
[10]  [0x00007FF87A9D9F87]
[11]  [0x00007FF87A9DA05F]
[12] (BaseThreadInitThunk+0x14) [0x00007FF8C8578364]
[13] (RtlUserThreadStart+0x21) [0x00007FF8C86870D1]
Done
