Exception at PC 0x00007FFB60539E08
Exception at PC 0x00007FFB60539E08
Unable to capture context for thread 8088 in process 7724, can not generate back trace
Exception at PC 0x00007FFB08B3BB93
Printing stacktrace...

Unable to capture context for thread 12184 in process 7724, can not generate back trace
Exception at PC 0x00007FFB60539E08
Unable to capture context for thread 8764 in process 7724, can not generate back trace
Exception at PC 0x00007FFB60539E08
Exception at PC 0x00007FFB60539E08
Exception at PC 0x00007FFB60539E08
Exception at PC 0x00007FFB60539E08
Exception at PC 0x00007FFB60539E08
Exception at PC 0x00007FFB60539E08
Exception at PC 0x00007FFB60539E08
Exception at PC 0x00007FFB60539E08
Exception at PC 0x00007FFB60539E08
Exception at PC 0x00007FFB60539E08
Exception at PC 0x00007FFB60539E08
Exception at PC 0x00007FFB60539E08
Exception at PC 0x00007FFB60539E08
Exception at PC 0x00007FFB60539E08
[0]  [0x00007FFB08B3BB93]
[1]  [0x00007FFB08B3BB93]
[2]  [0x00007FFB08B3B4A1]
[3]  [0x00007FFB08B3B3EF]
[4]  [0x00007FFB08B219FE]
[5]  [0x00007FFB08B20ED1]
[6]  [0x00007FFB08B20D76]
[7]  [0x00007FFB08AC79F6]
[8]  [0x00007FFB08AB7AFB]
[9]  [0x00007FFB08BDE90A]
[10]  [0x00007FFB08BF9F87]
[11]  [0x00007FFB08BFA05F]
[12] (BaseThreadInitThunk+0x14) [0x00007FFB61032774]
[13] (RtlUserThreadStart+0x21) [0x00007FFB63920D61]
Done
Exception at PC 0x00007FFB08841A52
Attemped to write at address 0x00007FFB34259BA4
Printing stacktrace...

[0]  [0x00007FFB08841A52]
[1]  [0x00007FFB08841A52]
[2]  [0x00007FFB08841AD4]
[3]  [0x00007FFB08983FF7]
[4]  [0x00007FFB08869128]
[5]  [0x00007FFB08B1DFB9]
[6]  [0x00007FFB08CEEF23]
[7]  [0x00007FFB08BFB06B]
[8]  [0x00007FFB08BF08AF]
[9]  [0x00007FFB08BF0A32]
[10] (RtlDeactivateActivationContextUnsafeFast+0x1af) [0x00007FFB638D486F]
[11] (LdrShutdownProcess+0x12c) [0x00007FFB638FD44C]
[12] (RtlExitUserProcess+0xb4) [0x00007FFB638FD304]
[13] (FatalExit+0xa) [0x00007FFB6103C0DA]
[14] (exit+0x75) [0x00007FFB62C5A045]
[15] (initterm_e+0x21d) [0x00007FFB62C5A68D]
[16]  [0x00000000004014CD]
[17]  [0x000000000040151B]
[18] (BaseThreadInitThunk+0x14) [0x00007FFB61032774]
[19] (RtlUserThreadStart+0x21) [0x00007FFB63920D61]
Done
