Vivado Simulator 2017.2
Copyright 1986-1999, 2001-2016 Xilinx, Inc. All Rights Reserved.
Running: C:/Xilinx/Vivado/2017.2/bin/unwrapped/win64.o/xelab.exe -wto 5a6aabd8d1ba49aca63f314d98e5d198 --debug typical --relax --mt 2 -L xil_defaultlib -L secureip --snapshot tb_codificador_behav xil_defaultlib.tb_codificador -log elaborate.log 
Using 2 slave threads.
Starting static elaboration
Completed static elaboration
Starting simulation data flow analysis
Completed simulation data flow analysis
Time Resolution for simulation is 1ps
Compiling package std.standard
Compiling package std.textio
Compiling package ieee.std_logic_1164
Compiling package ieee.numeric_std
Compiling architecture behavioral of entity xil_defaultlib.BCD7421_Exp [bcd7421_exp_default]
Compiling architecture behavioral of entity xil_defaultlib.BCD5211_Exp [bcd5211_exp_default]
Compiling architecture behavioral of entity xil_defaultlib.BCD2421_Exp [bcd2421_exp_default]
Compiling architecture behavioral of entity xil_defaultlib.XS3_Exp [xs3_exp_default]
Compiling architecture behavioral of entity xil_defaultlib.Codificador_Exp [codificador_exp_default]
Compiling architecture behavioral of entity xil_defaultlib.tb_codificador
Built simulation snapshot tb_codificador_behav
