Unable to capture context for thread 8600 in process 8524, can not generate back trace
Unable to capture context for thread 8592 in process 8524, can not generate back trace
Unable to capture context for thread 8584 in process 8524, can not generate back trace
Unable to capture context for thread 1992 in process 8524, can not generate back trace
Unable to capture context for thread 6068 in process 8524, can not generate back trace
Unable to capture context for thread 6132 in process 8524, can not generate back trace
Unable to capture context for thread 7396 in process 8524, can not generate back trace
Unable to capture context for thread 5420 in process 8524, can not generate back trace
Exception at PC 0x00007FFB60539E08
Exception at PC 0x00007FFB60539E08
Exception at PC 0x00007FFB60539E08
Exception at PC 0x00007FFB60539E08
Exception at PC 0x00007FFB60539E08
Unable to capture context for thread 7280 in process 8524, can not generate back trace
Exception at PC 0x00007FFAEECEBB93
Printing stacktrace...

Unable to capture context for thread 7280 in process 8524, can not generate back trace
Exception at PC 0x00007FFB60539E08
Exception at PC 0x00007FFB60539E08
Exception at PC 0x00007FFB60539E08
Exception at PC 0x00007FFB60539E08
Exception at PC 0x00007FFB60539E08
Exception at PC 0x00007FFB60539E08
Exception at PC 0x00007FFB60539E08
Exception at PC 0x00007FFB60539E08
Exception at PC 0x00007FFB60539E08
Exception at PC 0x00007FFB60539E08
Exception at PC 0x00007FFB60539E08
Exception at PC 0x00007FFB60539E08
[0]  [0x00007FFAEECEBB93]
[1]  [0x00007FFAEECEBB93]
[2]  [0x00007FFAEECEB4A1]
[3]  [0x00007FFAEECEB3EF]
[4]  [0x00007FFAEECD19FE]
[5]  [0x00007FFAEECD0ED1]
[6]  [0x00007FFAEECD0D76]
[7]  [0x00007FFAEEC779F6]
[8]  [0x00007FFAEEC67AFB]
[9]  [0x00007FFAEED8E90A]
[10]  [0x00007FFAEEDA9F87]
[11]  [0x00007FFAEEDAA05F]
[12] (BaseThreadInitThunk+0x14) [0x00007FFB61032774]
[13] (RtlUserThreadStart+0x21) [0x00007FFB63920D61]
Done
Exception at PC 0x00007FFAEE9F1A52
Attemped to write at address 0x00007FFB2AFC9BA4
Printing stacktrace...

[0]  [0x00007FFAEE9F1A52]
[1]  [0x00007FFAEE9F1A52]
[2]  [0x00007FFAEE9F1AD4]
[3]  [0x00007FFAEEB33FF7]
[4]  [0x00007FFAEEA19128]
[5]  [0x00007FFAEECCDFB9]
[6]  [0x00007FFAEEE9EF23]
[7]  [0x00007FFAEEDAB06B]
[8]  [0x00007FFAEEDA08AF]
[9]  [0x00007FFAEEDA0A32]
[10] (RtlDeactivateActivationContextUnsafeFast+0x1af) [0x00007FFB638D486F]
[11] (LdrShutdownProcess+0x12c) [0x00007FFB638FD44C]
[12] (RtlExitUserProcess+0xb4) [0x00007FFB638FD304]
[13] (FatalExit+0xa) [0x00007FFB6103C0DA]
[14] (exit+0x75) [0x00007FFB62C5A045]
[15] (initterm_e+0x21d) [0x00007FFB62C5A68D]
[16]  [0x00000000004014CD]
[17]  [0x000000000040151B]
[18] (BaseThreadInitThunk+0x14) [0x00007FFB61032774]
[19] (RtlUserThreadStart+0x21) [0x00007FFB63920D61]
Done
