#-----------------------------------------------------------
# Vivado v2017.2 (64-bit)
# SW Build 1909853 on Thu Jun 15 18:39:09 MDT 2017
# IP Build 1909766 on Thu Jun 15 19:58:00 MDT 2017
# Start of session at: Sun Jun 25 17:56:49 2017
# Process ID: 3708
# Current directory: C:/Users/ianma/Documents/Simula/Pratica - 4/Full_adder
# Command line: vivado.exe -gui_launcher_event rodinguilauncherevent748 C:\Users\ianma\Documents\Simula\Pratica - 4\Full_adder\Full_adder.xpr
# Log file: C:/Users/ianma/Documents/Simula/Pratica - 4/Full_adder/vivado.log
# Journal file: C:/Users/ianma/Documents/Simula/Pratica - 4/Full_adder\vivado.jou
#-----------------------------------------------------------
start_gui
open_project {C:/Users/ianma/Documents/Simula/Pratica - 4/Full_adder/Full_adder.xpr}
INFO: [Project 1-313] Project file moved from 'C:/Users/ianma/Documents/Simula/Full_adder' since last save.
Scanning sources...
Finished scanning sources
INFO: [IP_Flow 19-234] Refreshing IP repositories
INFO: [IP_Flow 19-1704] No user IP repositories specified
INFO: [IP_Flow 19-2313] Loaded Vivado IP repository 'C:/Xilinx/Vivado/2017.2/data/ip'.
open_project: Time (s): cpu = 00:00:49 ; elapsed = 00:01:29 . Memory (MB): peak = 720.238 ; gain = 48.301
update_compile_order -fileset sources_1
exit
INFO: [Common 17-206] Exiting Vivado at Sun Jun 25 21:03:25 2017...
