Unable to capture context for thread 10044 in process 9748, can not generate back trace
Exception at PC 0x00007FF870A27788
Exception at PC 0x00007FF870A27788
Exception at PC 0x00007FF870A27788
Exception at PC 0x00007FF870A27788
Exception at PC 0x00007FF870A27788
Exception at PC 0x00007FF84ED2BB93
Printing stacktrace...

Exception at PC 0x00007FF870A27788
Exception at PC 0x00007FF870A27788
Exception at PC 0x00007FF870A27788
Unable to capture context for thread 6116 in process 9748, can not generate back trace
Exception at PC 0x00007FF870A27788
Exception at PC 0x00007FF870A27788
Exception at PC 0x00007FF870A27788
Exception at PC 0x00007FF870A27788
Exception at PC 0x00007FF870A27788
Exception at PC 0x00007FF870A27788
Exception at PC 0x00007FF870A27788
Exception at PC 0x00007FF870A27788
Exception at PC 0x00007FF870A27788
[0]  [0x00007FF84ED2BB93]
[1]  [0x00007FF84ED2BB93]
[2]  [0x00007FF84ED2B4A1]
[3]  [0x00007FF84ED2B3EF]
[4]  [0x00007FF84ED119FE]
[5]  [0x00007FF84ED10ED1]
[6]  [0x00007FF84ED10D76]
[7]  [0x00007FF84ECB79F6]
[8]  [0x00007FF84ECA7AFB]
[9]  [0x00007FF84EDCE90A]
[10]  [0x00007FF84EDE9F87]
[11]  [0x00007FF84EDEA05F]
[12] (BaseThreadInitThunk+0x14) [0x00007FF871118364]
[13] (RtlUserThreadStart+0x21) [0x00007FF8738E70D1]
Done
