#-----------------------------------------------------------
# Vivado v2017.2 (64-bit)
# SW Build 1909853 on Thu Jun 15 18:39:09 MDT 2017
# IP Build 1909766 on Thu Jun 15 19:58:00 MDT 2017
# Start of session at: Tue Jun 27 04:12:46 2017
# Process ID: 8464
# Current directory: C:/Users/ianma/Documents/Simula/Pratica - 5/Decodificador
# Command line: vivado.exe -gui_launcher_event rodinguilauncherevent160 C:\Users\ianma\Documents\Simula\Pratica - 5\Decodificador\Decodificador.xpr
# Log file: C:/Users/ianma/Documents/Simula/Pratica - 5/Decodificador/vivado.log
# Journal file: C:/Users/ianma/Documents/Simula/Pratica - 5/Decodificador\vivado.jou
#-----------------------------------------------------------
start_gui
open_project {C:/Users/ianma/Documents/Simula/Pratica - 5/Decodificador/Decodificador.xpr}
Scanning sources...
Finished scanning sources
INFO: [IP_Flow 19-234] Refreshing IP repositories
INFO: [IP_Flow 19-1704] No user IP repositories specified
INFO: [IP_Flow 19-2313] Loaded Vivado IP repository 'C:/Xilinx/Vivado/2017.2/data/ip'.
open_project: Time (s): cpu = 00:00:39 ; elapsed = 00:00:27 . Memory (MB): peak = 740.305 ; gain = 72.301
update_compile_order -fileset sources_1
