Unable to capture context for thread 9308 in process 1020, can not generate back trace
Unable to capture context for thread 7976 in process 1020, can not generate back trace
Unable to capture context for thread 1412 in process 1020, can not generate back trace
Unable to capture context for thread 8300 in process 1020, can not generate back trace
Unable to capture context for thread 5324 in process 1020, can not generate back trace
Unable to capture context for thread 6332 in process 1020, can not generate back trace
Unable to capture context for thread 1880 in process 1020, can not generate back trace
Unable to capture context for thread 6004 in process 1020, can not generate back trace
Exception at PC 0x00007FFB60539E08
Exception at PC 0x00007FFB60539E08
Exception at PC 0x00007FFB60539E08
Exception at PC 0x00007FFB60539E08
Unable to capture context for thread 7776 in process 1020, can not generate back trace
Exception at PC 0x00007FFB60539E08
Unable to capture context for thread 7776 in process 1020, can not generate back trace
Unable to capture context for thread 5980 in process 1020, can not generate back trace
Exception at PC 0x00007FFB2E96BB93
Printing stacktrace...

Unable to capture context for thread 5980 in process 1020, can not generate back trace
Unable to capture context for thread 11272 in process 1020, can not generate back trace
Exception at PC 0x00007FFB60539E08
Exception at PC 0x00007FFB60539E08
Exception at PC 0x00007FFB60539E08
Exception at PC 0x00007FFB60539E08
Exception at PC 0x00007FFB60539E08
Exception at PC 0x00007FFB60539E08
Exception at PC 0x00007FFB60539E08
Exception at PC 0x00007FFB60539E08
Exception at PC 0x00007FFB60539E08
Exception at PC 0x00007FFB60539E08
Exception at PC 0x00007FFB60539E08
Exception at PC 0x00007FFB60539E08
[0]  [0x00007FFB2E96BB93]
[1]  [0x00007FFB2E96BB93]
[2]  [0x00007FFB2E96B4A1]
[3]  [0x00007FFB2E96B3EF]
[4]  [0x00007FFB2E9519FE]
[5]  [0x00007FFB2E950ED1]
[6]  [0x00007FFB2E950D76]
[7]  [0x00007FFB2E8F79F6]
[8]  [0x00007FFB2E8E7AFB]
[9]  [0x00007FFB2EA0E90A]
[10]  [0x00007FFB2EA29F87]
[11]  [0x00007FFB2EA2A05F]
[12] (BaseThreadInitThunk+0x14) [0x00007FFB61032774]
[13] (RtlUserThreadStart+0x21) [0x00007FFB63920D61]
Done
Exception at PC 0x00007FFB2E671A52
Attemped to write at address 0x00007FFB3D7E9BA4
Printing stacktrace...

[0]  [0x00007FFB2E671A52]
[1]  [0x00007FFB2E671A52]
[2]  [0x00007FFB2E671AD4]
[3]  [0x00007FFB2E7B3FF7]
[4]  [0x00007FFB2E699128]
[5]  [0x00007FFB2E94DFB9]
[6]  [0x00007FFB2EB1EF23]
[7]  [0x00007FFB2EA2B06B]
[8]  [0x00007FFB2EA208AF]
[9]  [0x00007FFB2EA20A32]
[10] (RtlDeactivateActivationContextUnsafeFast+0x1af) [0x00007FFB638D486F]
[11] (LdrShutdownProcess+0x12c) [0x00007FFB638FD44C]
[12] (RtlExitUserProcess+0xb4) [0x00007FFB638FD304]
[13] (FatalExit+0xa) [0x00007FFB6103C0DA]
[14] (exit+0x75) [0x00007FFB62C5A045]
[15] (initterm_e+0x21d) [0x00007FFB62C5A68D]
[16]  [0x00000000004014CD]
[17]  [0x000000000040151B]
[18] (BaseThreadInitThunk+0x14) [0x00007FFB61032774]
[19] (RtlUserThreadStart+0x21) [0x00007FFB63920D61]
Done
