Exception at PC 0x00007FF8C5147788
Exception at PC 0x00007FF8C5147788
Exception at PC 0x00007FF8C5147788
Exception at PC 0x00007FF8C5147788
Exception at PC 0x00007FF8C5147788
Unable to capture context for thread 5916 in process 2192, can not generate back trace
Unable to capture context for thread 1128 in process 2192, can not generate back trace
Exception at PC 0x00007FF89F7ABB93
Printing stacktrace...

Exception at PC 0x00007FF8C5147788
Exception at PC 0x00007FF8C5147788
Exception at PC 0x00007FF8C5147788
Exception at PC 0x00007FF8C5147788
Exception at PC 0x00007FF8C5147788
Exception at PC 0x00007FF8C5147788
Exception at PC 0x00007FF8C5147788
Exception at PC 0x00007FF8C5147788
Exception at PC 0x00007FF8C5147788
Exception at PC 0x00007FF8C5147788
Exception at PC 0x00007FF8C5147788
Exception at PC 0x00007FF8C5147788
[0]  [0x00007FF89F7ABB93]
[1]  [0x00007FF89F7ABB93]
[2]  [0x00007FF89F7AB4A1]
[3]  [0x00007FF89F7AB3EF]
[4]  [0x00007FF89F7919FE]
[5]  [0x00007FF89F790ED1]
[6]  [0x00007FF89F790D76]
[7]  [0x00007FF89F7379F6]
[8]  [0x00007FF89F727AFB]
[9]  [0x00007FF89F84E90A]
[10]  [0x00007FF89F869F87]
[11]  [0x00007FF89F86A05F]
[12] (BaseThreadInitThunk+0x14) [0x00007FF8C8578364]
[13] (RtlUserThreadStart+0x21) [0x00007FF8C86870D1]
Done
