Exception at PC 0x00007FFB60539E08
Exception at PC 0x00007FFB60539E08
Exception at PC 0x00007FFB60539E08
Unable to capture context for thread 7012 in process 7256, can not generate back trace
Unable to capture context for thread 4236 in process 7256, can not generate back trace
Exception at PC 0x00007FFB60539E08
Unable to capture context for thread 7012 in process 7256, can not generate back trace
Unable to capture context for thread 4236 in process 7256, can not generate back trace
Exception at PC 0x00007FFAEF6BBB93
Printing stacktrace...

Unable to capture context for thread 8356 in process 7256, can not generate back trace
Exception at PC 0x00007FFB60539E08
Exception at PC 0x00007FFB60539E08
Exception at PC 0x00007FFB60539E08
Exception at PC 0x00007FFB60539E08
Exception at PC 0x00007FFB60539E08
Exception at PC 0x00007FFB60539E08
Exception at PC 0x00007FFB60539E08
Exception at PC 0x00007FFB60539E08
Exception at PC 0x00007FFB60539E08
Exception at PC 0x00007FFB60539E08
Exception at PC 0x00007FFB60539E08
Exception at PC 0x00007FFB60539E08
Exception at PC 0x00007FFB60539E08
[0]  [0x00007FFAEF6BBB93]
[1]  [0x00007FFAEF6BBB93]
[2]  [0x00007FFAEF6BB4A1]
[3]  [0x00007FFAEF6BB3EF]
[4]  [0x00007FFAEF6A19FE]
[5]  [0x00007FFAEF6A0ED1]
[6]  [0x00007FFAEF6A0D76]
[7]  [0x00007FFAEF6479F6]
[8]  [0x00007FFAEF637AFB]
[9]  [0x00007FFAEF75E90A]
[10]  [0x00007FFAEF779F87]
[11]  [0x00007FFAEF77A05F]
[12] (BaseThreadInitThunk+0x14) [0x00007FFB61032774]
[13] (RtlUserThreadStart+0x21) [0x00007FFB63920D61]
Done
Exception at PC 0x00007FFAEF3C1A52
Attemped to write at address 0x00007FFB45429BA4
Printing stacktrace...

[0]  [0x00007FFAEF3C1A52]
[1]  [0x00007FFAEF3C1A52]
[2]  [0x00007FFAEF3C1AD4]
[3]  [0x00007FFAEF503FF7]
[4]  [0x00007FFAEF3E9128]
[5]  [0x00007FFAEF69DFB9]
[6]  [0x00007FFAEF86EF23]
[7]  [0x00007FFAEF77B06B]
[8]  [0x00007FFAEF7708AF]
[9]  [0x00007FFAEF770A32]
[10] (RtlDeactivateActivationContextUnsafeFast+0x1af) [0x00007FFB638D486F]
[11] (LdrShutdownProcess+0x12c) [0x00007FFB638FD44C]
[12] (RtlExitUserProcess+0xb4) [0x00007FFB638FD304]
[13] (FatalExit+0xa) [0x00007FFB6103C0DA]
[14] (exit+0x75) [0x00007FFB62C5A045]
[15] (initterm_e+0x21d) [0x00007FFB62C5A68D]
[16]  [0x00000000004014CD]
[17]  [0x000000000040151B]
[18] (BaseThreadInitThunk+0x14) [0x00007FFB61032774]
[19] (RtlUserThreadStart+0x21) [0x00007FFB63920D61]
Done
