Unable to capture context for thread 10248 in process 9488, can not generate back trace
Unable to capture context for thread 9880 in process 9488, can not generate back trace
Unable to capture context for thread 4392 in process 9488, can not generate back trace
Unable to capture context for thread 3488 in process 9488, can not generate back trace
Unable to capture context for thread 9184 in process 9488, can not generate back trace
Unable to capture context for thread 1524 in process 9488, can not generate back trace
Unable to capture context for thread 11156 in process 9488, can not generate back trace
Unable to capture context for thread 8100 in process 9488, can not generate back trace
Exception at PC 0x00007FFE99D59E08
Exception at PC 0x00007FFE99D59E08
Exception at PC 0x00007FFE99D59E08
Exception at PC 0x00007FFE99D59E08
Exception at PC 0x00007FFE99D59E08
Exception at PC 0x00007FFE99D59E08
Unable to capture context for thread 12460 in process 9488, can not generate back trace
Unable to capture context for thread 12056 in process 9488, can not generate back trace
Exception at PC 0x00007FFE6872BB93
Printing stacktrace...

Exception at PC 0x00007FFE99D59E08
Exception at PC 0x00007FFE99D59E08
Unable to capture context for thread 2632 in process 9488, can not generate back trace
Exception at PC 0x00007FFE99D59E08
Exception at PC 0x00007FFE99D59E08
Exception at PC 0x00007FFE99D59E08
Exception at PC 0x00007FFE99D59E08
Exception at PC 0x00007FFE99D59E08
Exception at PC 0x00007FFE99D59E08
Exception at PC 0x00007FFE99D59E08
Exception at PC 0x00007FFE99D59E08
Exception at PC 0x00007FFE99D59E08
[0]  [0x00007FFE6872BB93]
[1]  [0x00007FFE6872BB93]
[2]  [0x00007FFE6872B4A1]
[3]  [0x00007FFE6872B3EF]
[4]  [0x00007FFE687119FE]
[5]  [0x00007FFE68710ED1]
[6]  [0x00007FFE68710D76]
[7]  [0x00007FFE686B79F6]
[8]  [0x00007FFE686A7AFB]
[9]  [0x00007FFE687CE90A]
[10]  [0x00007FFE687E9F87]
[11]  [0x00007FFE687EA05F]
[12] (BaseThreadInitThunk+0x14) [0x00007FFE9D082774]
[13] (RtlUserThreadStart+0x21) [0x00007FFE9D720D61]
Done
Exception at PC 0x00007FFE68431A52
Attemped to write at address 0x00007FFE76669BA4
Printing stacktrace...

[0]  [0x00007FFE68431A52]
[1]  [0x00007FFE68431A52]
[2]  [0x00007FFE68431AD4]
[3]  [0x00007FFE68573FF7]
[4]  [0x00007FFE68459128]
[5]  [0x00007FFE6870DFB9]
[6]  [0x00007FFE688DEF23]
[7]  [0x00007FFE687EB06B]
[8]  [0x00007FFE687E08AF]
[9]  [0x00007FFE687E0A32]
[10] (RtlDeactivateActivationContextUnsafeFast+0x1af) [0x00007FFE9D6D486F]
[11] (LdrShutdownProcess+0x12c) [0x00007FFE9D6FD44C]
[12] (RtlExitUserProcess+0xb4) [0x00007FFE9D6FD304]
[13] (FatalExit+0xa) [0x00007FFE9D08C0DA]
[14] (exit+0x75) [0x00007FFE9C47A045]
[15] (initterm_e+0x21d) [0x00007FFE9C47A68D]
[16]  [0x00000000004014CD]
[17]  [0x000000000040151B]
[18] (BaseThreadInitThunk+0x14) [0x00007FFE9D082774]
[19] (RtlUserThreadStart+0x21) [0x00007FFE9D720D61]
Done
