Unable to capture context for thread 2524 in process 7592, can not generate back trace
Unable to capture context for thread 7436 in process 7592, can not generate back trace
Exception at PC 0x00007FFA5B80BB93
Printing stacktrace...

[0]  [0x00007FFA5B80BB93]
[1]  [0x00007FFA5B80BB93]
[2]  [0x00007FFA5B80B4A1]
[3]  [0x00007FFA5B80B3EF]
[4]  [0x00007FFA5B7F19FE]
[5]  [0x00007FFA5B7F0ED1]
[6]  [0x00007FFA5B7F0D76]
[7]  [0x00007FFA5B7979F6]
[8]  [0x00007FFA5B787AFB]
[9]  [0x00007FFA5B8AE90A]
[10]  [0x00007FFA5B8C9F87]
[11]  [0x00007FFA5B8CA05F]
[12] (BaseThreadInitThunk+0x14) [0x00007FFAB44A2774]
[13] (RtlUserThreadStart+0x21) [0x00007FFAB4E30D61]
Done
Exception at PC 0x00007FFA5B511A52
Attemped to write at address 0x00007FFA857AABA4
Printing stacktrace...

[0]  [0x00007FFA5B511A52]
[1]  [0x00007FFA5B511A52]
[2]  [0x00007FFA5B511AD4]
[3]  [0x00007FFA5B653FF7]
[4]  [0x00007FFA5B539128]
[5]  [0x00007FFA5B7EDFB9]
[6]  [0x00007FFA5B9BEF23]
[7]  [0x00007FFA5B8CB06B]
[8]  [0x00007FFA5B8C08AF]
[9]  [0x00007FFA5B8C0A32]
[10] (RtlDeactivateActivationContextUnsafeFast+0x1af) [0x00007FFAB4DE486F]
[11] (LdrShutdownProcess+0x12c) [0x00007FFAB4E0D44C]
[12] (RtlExitUserProcess+0xb4) [0x00007FFAB4E0D304]
[13] (FatalExit+0xa) [0x00007FFAB44AC0DA]
[14] (exit+0x75) [0x00007FFAB4D5A045]
[15] (initterm_e+0x21d) [0x00007FFAB4D5A68D]
[16]  [0x00000000004014CD]
[17]  [0x000000000040151B]
[18] (BaseThreadInitThunk+0x14) [0x00007FFAB44A2774]
[19] (RtlUserThreadStart+0x21) [0x00007FFAB4E30D61]
Done
