Exception at PC 0x00007FF870A27788
Exception at PC 0x00007FF870A27788
Exception at PC 0x00007FF870A27788
Exception at PC 0x00007FF870A27788
Exception at PC 0x00007FF870A27788
Unable to capture context for thread 6940 in process 6516, can not generate back trace
Exception at PC 0x00007FF80F61BB93
Printing stacktrace...

Exception at PC 0x00007FF870A27788
Exception at PC 0x00007FF870A27788
Exception at PC 0x00007FF870A27788
Exception at PC 0x00007FF870A27788
Exception at PC 0x00007FF870A27788
Exception at PC 0x00007FF870A27788
Exception at PC 0x00007FF870A27788
Exception at PC 0x00007FF870A27788
Exception at PC 0x00007FF870A27788
Exception at PC 0x00007FF870A27788
Exception at PC 0x00007FF870A27788
Exception at PC 0x00007FF870A27788
[0]  [0x00007FF80F61BB93]
[1]  [0x00007FF80F61BB93]
[2]  [0x00007FF80F61B4A1]
[3]  [0x00007FF80F61B3EF]
[4]  [0x00007FF80F6019FE]
[5]  [0x00007FF80F600ED1]
[6]  [0x00007FF80F600D76]
[7]  [0x00007FF80F5A79F6]
[8]  [0x00007FF80F597AFB]
[9]  [0x00007FF80F6BE90A]
[10]  [0x00007FF80F6D9F87]
[11]  [0x00007FF80F6DA05F]
[12] (BaseThreadInitThunk+0x14) [0x00007FF871118364]
[13] (RtlUserThreadStart+0x21) [0x00007FF8738E70D1]
Done
