#-----------------------------------------------------------
# Vivado v2017.2 (64-bit)
# SW Build 1909853 on Thu Jun 15 18:39:09 MDT 2017
# IP Build 1909766 on Thu Jun 15 19:58:00 MDT 2017
# Start of session at: Sat Jun 24 21:44:30 2017
# Process ID: 8460
# Current directory: C:/Users/ianma/Documents/Simula/Multi-codificador
# Command line: vivado.exe -gui_launcher_event rodinguilauncherevent3768 C:\Users\ianma\Documents\Simula\Multi-codificador\Multi-codificador.xpr
# Log file: C:/Users/ianma/Documents/Simula/Multi-codificador/vivado.log
# Journal file: C:/Users/ianma/Documents/Simula/Multi-codificador\vivado.jou
#-----------------------------------------------------------
start_gui
open_project C:/Users/ianma/Documents/Simula/Multi-codificador/Multi-codificador.xpr
Scanning sources...
Finished scanning sources
INFO: [IP_Flow 19-234] Refreshing IP repositories
INFO: [IP_Flow 19-1704] No user IP repositories specified
INFO: [IP_Flow 19-2313] Loaded Vivado IP repository 'C:/Xilinx/Vivado/2017.2/data/ip'.
open_project: Time (s): cpu = 00:00:39 ; elapsed = 00:00:27 . Memory (MB): peak = 720.469 ; gain = 65.406
update_compile_order -fileset sources_1
update_compile_order -fileset sources_1
update_compile_order -fileset sources_1
update_compile_order -fileset sources_1
launch_simulation
INFO: [SIM-utils-51] Simulation object is 'sim_1'
INFO: [SIM-utils-54] Inspecting design source files for 'tb_codificador' in fileset 'sim_1'...
INFO: [USF-XSim-97] Finding global include files...
INFO: [USF-XSim-98] Fetching design files from 'sim_1'...
INFO: [USF-XSim-2] XSim::Compile design
INFO: [USF-XSim-61] Executing 'COMPILE and ANALYZE' step in 'C:/Users/ianma/Documents/Simula/Multi-codificador/Multi-codificador.sim/sim_1/behav'
"xvhdl -m64 --relax -prj tb_codificador_vhdl.prj"
INFO: [VRFC 10-163] Analyzing VHDL file "C:/Users/ianma/Documents/Simula/Multi-codificador/Multi-codificador.srcs/sources_1/new/BCD2421.vhd" into library xil_defaultlib
INFO: [VRFC 10-307] analyzing entity BCD2421
INFO: [VRFC 10-163] Analyzing VHDL file "C:/Users/ianma/Documents/Simula/Multi-codificador/Multi-codificador.srcs/sources_1/new/BCD5211.vhd" into library xil_defaultlib
INFO: [VRFC 10-307] analyzing entity BCD5211
INFO: [VRFC 10-163] Analyzing VHDL file "C:/Users/ianma/Documents/Simula/Multi-codificador/Multi-codificador.srcs/sources_1/new/BCD7421.vhd" into library xil_defaultlib
INFO: [VRFC 10-307] analyzing entity BCD7421
INFO: [VRFC 10-163] Analyzing VHDL file "C:/Users/ianma/Documents/Simula/Multi-codificador/Multi-codificador.srcs/sources_1/new/XS3.vhd" into library xil_defaultlib
INFO: [VRFC 10-307] analyzing entity XS3
INFO: [VRFC 10-163] Analyzing VHDL file "C:/Users/ianma/Documents/Simula/Multi-codificador/Multi-codificador.srcs/sources_1/new/codificador.vhd" into library xil_defaultlib
INFO: [VRFC 10-307] analyzing entity codificador
INFO: [VRFC 10-163] Analyzing VHDL file "C:/Users/ianma/Documents/Simula/Multi-codificador/Multi-codificador.srcs/sim_1/new/tb_codificador.vhd" into library xil_defaultlib
INFO: [VRFC 10-307] analyzing entity tb_codificador
run_program: Time (s): cpu = 00:00:01 ; elapsed = 00:00:06 . Memory (MB): peak = 763.945 ; gain = 0.000
INFO: [USF-XSim-69] 'compile' step finished in '6' seconds
INFO: [USF-XSim-3] XSim::Elaborate design
INFO: [USF-XSim-61] Executing 'ELABORATE' step in 'C:/Users/ianma/Documents/Simula/Multi-codificador/Multi-codificador.sim/sim_1/behav'
Vivado Simulator 2017.2
Copyright 1986-1999, 2001-2016 Xilinx, Inc. All Rights Reserved.
Running: C:/Xilinx/Vivado/2017.2/bin/unwrapped/win64.o/xelab.exe -wto 5a6aabd8d1ba49aca63f314d98e5d198 --debug typical --relax --mt 2 -L xil_defaultlib -L secureip --snapshot tb_codificador_behav xil_defaultlib.tb_codificador -log elaborate.log 
Using 2 slave threads.
Starting static elaboration
Completed static elaboration
Starting simulation data flow analysis
Completed simulation data flow analysis
Time Resolution for simulation is 1ps
Compiling package std.standard
Compiling package std.textio
Compiling package ieee.std_logic_1164
Compiling package ieee.numeric_std
Compiling architecture behavioral of entity xil_defaultlib.BCD7421 [bcd7421_default]
Compiling architecture behavioral of entity xil_defaultlib.BCD5211 [bcd5211_default]
Compiling architecture behavioral of entity xil_defaultlib.BCD2421 [bcd2421_default]
Compiling architecture behavioral of entity xil_defaultlib.XS3 [xs3_default]
Compiling architecture behavioral of entity xil_defaultlib.codificador [codificador_default]
Compiling architecture behavioral of entity xil_defaultlib.tb_codificador
Built simulation snapshot tb_codificador_behav

****** Webtalk v2017.2 (64-bit)
  **** SW Build 1909853 on Thu Jun 15 18:39:09 MDT 2017
  **** IP Build 1909766 on Thu Jun 15 19:58:00 MDT 2017
    ** Copyright 1986-2017 Xilinx, Inc. All Rights Reserved.

source C:/Users/ianma/Documents/Simula/Multi-codificador/Multi-codificador.sim/sim_1/behav/xsim.dir/tb_codificador_behav/webtalk/xsim_webtalk.tcl -notrace
INFO: [Common 17-206] Exiting Webtalk at Sat Jun 24 21:58:25 2017...
run_program: Time (s): cpu = 00:00:01 ; elapsed = 00:00:23 . Memory (MB): peak = 763.945 ; gain = 0.000
INFO: [USF-XSim-69] 'elaborate' step finished in '23' seconds
INFO: [USF-XSim-4] XSim::Simulate design
INFO: [USF-XSim-61] Executing 'SIMULATE' step in 'C:/Users/ianma/Documents/Simula/Multi-codificador/Multi-codificador.sim/sim_1/behav'
INFO: [USF-XSim-98] *** Running xsim
   with args "tb_codificador_behav -key {Behavioral:sim_1:Functional:tb_codificador} -tclbatch {tb_codificador.tcl} -log {simulate.log}"
INFO: [USF-XSim-8] Loading simulator feature
Vivado Simulator 2017.2
Time resolution is 1 ps
source tb_codificador.tcl
# set curr_wave [current_wave_config]
# if { [string length $curr_wave] == 0 } {
#   if { [llength [get_objects]] > 0} {
#     add_wave /
#     set_property needs_save false [current_wave_config]
#   } else {
#      send_msg_id Add_Wave-1 WARNING "No top level signals found. Simulator will start without a wave window. If you want to open a wave window go to 'File->New Waveform Configuration' or type 'create_wave_config' in the TCL console."
#   }
# }
# run 640ns
xsim: Time (s): cpu = 00:00:14 ; elapsed = 00:00:13 . Memory (MB): peak = 765.234 ; gain = 1.289
INFO: [USF-XSim-96] XSim completed. Design snapshot 'tb_codificador_behav' loaded.
INFO: [USF-XSim-97] XSim simulation ran for 640ns
launch_simulation: Time (s): cpu = 00:00:19 ; elapsed = 00:00:45 . Memory (MB): peak = 765.234 ; gain = 1.289
close_sim
INFO: [Simtcl 6-16] Simulation closed
close_sim: Time (s): cpu = 00:00:03 ; elapsed = 00:00:07 . Memory (MB): peak = 791.211 ; gain = 0.000
launch_simulation
INFO: [SIM-utils-51] Simulation object is 'sim_1'
INFO: [SIM-utils-54] Inspecting design source files for 'tb_codificador' in fileset 'sim_1'...
INFO: [USF-XSim-97] Finding global include files...
INFO: [USF-XSim-98] Fetching design files from 'sim_1'...
INFO: [USF-XSim-2] XSim::Compile design
INFO: [USF-XSim-61] Executing 'COMPILE and ANALYZE' step in 'C:/Users/ianma/Documents/Simula/Multi-codificador/Multi-codificador.sim/sim_1/behav'
"xvhdl -m64 --relax -prj tb_codificador_vhdl.prj"
INFO: [VRFC 10-163] Analyzing VHDL file "C:/Users/ianma/Documents/Simula/Multi-codificador/Multi-codificador.srcs/sources_1/new/BCD2421.vhd" into library xil_defaultlib
INFO: [VRFC 10-307] analyzing entity BCD2421
INFO: [VRFC 10-163] Analyzing VHDL file "C:/Users/ianma/Documents/Simula/Multi-codificador/Multi-codificador.srcs/sources_1/new/BCD5211.vhd" into library xil_defaultlib
INFO: [VRFC 10-307] analyzing entity BCD5211
INFO: [VRFC 10-163] Analyzing VHDL file "C:/Users/ianma/Documents/Simula/Multi-codificador/Multi-codificador.srcs/sources_1/new/BCD7421.vhd" into library xil_defaultlib
INFO: [VRFC 10-307] analyzing entity BCD7421
INFO: [VRFC 10-163] Analyzing VHDL file "C:/Users/ianma/Documents/Simula/Multi-codificador/Multi-codificador.srcs/sources_1/new/XS3.vhd" into library xil_defaultlib
INFO: [VRFC 10-307] analyzing entity XS3
INFO: [VRFC 10-163] Analyzing VHDL file "C:/Users/ianma/Documents/Simula/Multi-codificador/Multi-codificador.srcs/sources_1/new/codificador.vhd" into library xil_defaultlib
INFO: [VRFC 10-307] analyzing entity codificador
INFO: [VRFC 10-163] Analyzing VHDL file "C:/Users/ianma/Documents/Simula/Multi-codificador/Multi-codificador.srcs/sim_1/new/tb_codificador.vhd" into library xil_defaultlib
INFO: [VRFC 10-307] analyzing entity tb_codificador
INFO: [USF-XSim-69] 'compile' step finished in '4' seconds
INFO: [USF-XSim-3] XSim::Elaborate design
INFO: [USF-XSim-61] Executing 'ELABORATE' step in 'C:/Users/ianma/Documents/Simula/Multi-codificador/Multi-codificador.sim/sim_1/behav'
Vivado Simulator 2017.2
Copyright 1986-1999, 2001-2016 Xilinx, Inc. All Rights Reserved.
Running: C:/Xilinx/Vivado/2017.2/bin/unwrapped/win64.o/xelab.exe -wto 5a6aabd8d1ba49aca63f314d98e5d198 --debug typical --relax --mt 2 -L xil_defaultlib -L secureip --snapshot tb_codificador_behav xil_defaultlib.tb_codificador -log elaborate.log 
Using 2 slave threads.
Starting static elaboration
Completed static elaboration
Starting simulation data flow analysis
Completed simulation data flow analysis
Time Resolution for simulation is 1ps
Compiling package std.standard
Compiling package std.textio
Compiling package ieee.std_logic_1164
Compiling package ieee.numeric_std
Compiling architecture behavioral of entity xil_defaultlib.BCD7421 [bcd7421_default]
Compiling architecture behavioral of entity xil_defaultlib.BCD5211 [bcd5211_default]
Compiling architecture behavioral of entity xil_defaultlib.BCD2421 [bcd2421_default]
Compiling architecture behavioral of entity xil_defaultlib.XS3 [xs3_default]
Compiling architecture behavioral of entity xil_defaultlib.codificador [codificador_default]
Compiling architecture behavioral of entity xil_defaultlib.tb_codificador
Built simulation snapshot tb_codificador_behav

****** Webtalk v2017.2 (64-bit)
  **** SW Build 1909853 on Thu Jun 15 18:39:09 MDT 2017
  **** IP Build 1909766 on Thu Jun 15 19:58:00 MDT 2017
    ** Copyright 1986-2017 Xilinx, Inc. All Rights Reserved.

source C:/Users/ianma/Documents/Simula/Multi-codificador/Multi-codificador.sim/sim_1/behav/xsim.dir/tb_codificador_behav/webtalk/xsim_webtalk.tcl -notrace
INFO: [Common 17-206] Exiting Webtalk at Sat Jun 24 22:00:26 2017...
run_program: Time (s): cpu = 00:00:00 ; elapsed = 00:00:10 . Memory (MB): peak = 791.211 ; gain = 0.000
INFO: [USF-XSim-69] 'elaborate' step finished in '10' seconds
INFO: [USF-XSim-4] XSim::Simulate design
INFO: [USF-XSim-61] Executing 'SIMULATE' step in 'C:/Users/ianma/Documents/Simula/Multi-codificador/Multi-codificador.sim/sim_1/behav'
INFO: [USF-XSim-98] *** Running xsim
   with args "tb_codificador_behav -key {Behavioral:sim_1:Functional:tb_codificador} -tclbatch {tb_codificador.tcl} -log {simulate.log}"
INFO: [USF-XSim-8] Loading simulator feature
Vivado Simulator 2017.2
Time resolution is 1 ps
source tb_codificador.tcl
# set curr_wave [current_wave_config]
# if { [string length $curr_wave] == 0 } {
#   if { [llength [get_objects]] > 0} {
#     add_wave /
#     set_property needs_save false [current_wave_config]
#   } else {
#      send_msg_id Add_Wave-1 WARNING "No top level signals found. Simulator will start without a wave window. If you want to open a wave window go to 'File->New Waveform Configuration' or type 'create_wave_config' in the TCL console."
#   }
# }
# run 640ns
xsim: Time (s): cpu = 00:00:09 ; elapsed = 00:00:06 . Memory (MB): peak = 791.211 ; gain = 0.000
INFO: [USF-XSim-96] XSim completed. Design snapshot 'tb_codificador_behav' loaded.
INFO: [USF-XSim-97] XSim simulation ran for 640ns
launch_simulation: Time (s): cpu = 00:00:13 ; elapsed = 00:00:22 . Memory (MB): peak = 791.211 ; gain = 0.000
close_sim
INFO: [Simtcl 6-16] Simulation closed
close_sim: Time (s): cpu = 00:00:01 ; elapsed = 00:00:07 . Memory (MB): peak = 791.211 ; gain = 0.000
launch_simulation
INFO: [SIM-utils-51] Simulation object is 'sim_1'
INFO: [SIM-utils-54] Inspecting design source files for 'tb_codificador' in fileset 'sim_1'...
INFO: [USF-XSim-97] Finding global include files...
INFO: [USF-XSim-98] Fetching design files from 'sim_1'...
INFO: [USF-XSim-2] XSim::Compile design
INFO: [USF-XSim-61] Executing 'COMPILE and ANALYZE' step in 'C:/Users/ianma/Documents/Simula/Multi-codificador/Multi-codificador.sim/sim_1/behav'
"xvhdl -m64 --relax -prj tb_codificador_vhdl.prj"
INFO: [VRFC 10-163] Analyzing VHDL file "C:/Users/ianma/Documents/Simula/Multi-codificador/Multi-codificador.srcs/sources_1/new/BCD2421.vhd" into library xil_defaultlib
INFO: [VRFC 10-307] analyzing entity BCD2421
INFO: [VRFC 10-163] Analyzing VHDL file "C:/Users/ianma/Documents/Simula/Multi-codificador/Multi-codificador.srcs/sources_1/new/BCD5211.vhd" into library xil_defaultlib
INFO: [VRFC 10-307] analyzing entity BCD5211
INFO: [VRFC 10-163] Analyzing VHDL file "C:/Users/ianma/Documents/Simula/Multi-codificador/Multi-codificador.srcs/sources_1/new/BCD7421.vhd" into library xil_defaultlib
INFO: [VRFC 10-307] analyzing entity BCD7421
INFO: [VRFC 10-163] Analyzing VHDL file "C:/Users/ianma/Documents/Simula/Multi-codificador/Multi-codificador.srcs/sources_1/new/XS3.vhd" into library xil_defaultlib
INFO: [VRFC 10-307] analyzing entity XS3
INFO: [VRFC 10-163] Analyzing VHDL file "C:/Users/ianma/Documents/Simula/Multi-codificador/Multi-codificador.srcs/sources_1/new/codificador.vhd" into library xil_defaultlib
INFO: [VRFC 10-307] analyzing entity codificador
INFO: [VRFC 10-163] Analyzing VHDL file "C:/Users/ianma/Documents/Simula/Multi-codificador/Multi-codificador.srcs/sim_1/new/tb_codificador.vhd" into library xil_defaultlib
INFO: [VRFC 10-307] analyzing entity tb_codificador
INFO: [USF-XSim-69] 'compile' step finished in '4' seconds
INFO: [USF-XSim-3] XSim::Elaborate design
INFO: [USF-XSim-61] Executing 'ELABORATE' step in 'C:/Users/ianma/Documents/Simula/Multi-codificador/Multi-codificador.sim/sim_1/behav'
Vivado Simulator 2017.2
Copyright 1986-1999, 2001-2016 Xilinx, Inc. All Rights Reserved.
Running: C:/Xilinx/Vivado/2017.2/bin/unwrapped/win64.o/xelab.exe -wto 5a6aabd8d1ba49aca63f314d98e5d198 --debug typical --relax --mt 2 -L xil_defaultlib -L secureip --snapshot tb_codificador_behav xil_defaultlib.tb_codificador -log elaborate.log 
Using 2 slave threads.
Starting static elaboration
Completed static elaboration
Starting simulation data flow analysis
Completed simulation data flow analysis
Time Resolution for simulation is 1ps
Compiling package std.standard
Compiling package std.textio
Compiling package ieee.std_logic_1164
Compiling package ieee.numeric_std
Compiling architecture behavioral of entity xil_defaultlib.BCD7421 [bcd7421_default]
Compiling architecture behavioral of entity xil_defaultlib.BCD5211 [bcd5211_default]
Compiling architecture behavioral of entity xil_defaultlib.BCD2421 [bcd2421_default]
Compiling architecture behavioral of entity xil_defaultlib.XS3 [xs3_default]
Compiling architecture behavioral of entity xil_defaultlib.codificador [codificador_default]
Compiling architecture behavioral of entity xil_defaultlib.tb_codificador
Built simulation snapshot tb_codificador_behav

****** Webtalk v2017.2 (64-bit)
  **** SW Build 1909853 on Thu Jun 15 18:39:09 MDT 2017
  **** IP Build 1909766 on Thu Jun 15 19:58:00 MDT 2017
    ** Copyright 1986-2017 Xilinx, Inc. All Rights Reserved.

source C:/Users/ianma/Documents/Simula/Multi-codificador/Multi-codificador.sim/sim_1/behav/xsim.dir/tb_codificador_behav/webtalk/xsim_webtalk.tcl -notrace
INFO: [Common 17-206] Exiting Webtalk at Sat Jun 24 22:02:42 2017...
run_program: Time (s): cpu = 00:00:00 ; elapsed = 00:00:10 . Memory (MB): peak = 791.211 ; gain = 0.000
INFO: [USF-XSim-69] 'elaborate' step finished in '10' seconds
INFO: [USF-XSim-4] XSim::Simulate design
INFO: [USF-XSim-61] Executing 'SIMULATE' step in 'C:/Users/ianma/Documents/Simula/Multi-codificador/Multi-codificador.sim/sim_1/behav'
INFO: [USF-XSim-98] *** Running xsim
   with args "tb_codificador_behav -key {Behavioral:sim_1:Functional:tb_codificador} -tclbatch {tb_codificador.tcl} -log {simulate.log}"
INFO: [USF-XSim-8] Loading simulator feature
Vivado Simulator 2017.2
Time resolution is 1 ps
source tb_codificador.tcl
# set curr_wave [current_wave_config]
# if { [string length $curr_wave] == 0 } {
#   if { [llength [get_objects]] > 0} {
#     add_wave /
#     set_property needs_save false [current_wave_config]
#   } else {
#      send_msg_id Add_Wave-1 WARNING "No top level signals found. Simulator will start without a wave window. If you want to open a wave window go to 'File->New Waveform Configuration' or type 'create_wave_config' in the TCL console."
#   }
# }
# run 640ns
xsim: Time (s): cpu = 00:00:07 ; elapsed = 00:00:06 . Memory (MB): peak = 791.211 ; gain = 0.000
INFO: [USF-XSim-96] XSim completed. Design snapshot 'tb_codificador_behav' loaded.
INFO: [USF-XSim-97] XSim simulation ran for 640ns
launch_simulation: Time (s): cpu = 00:00:10 ; elapsed = 00:00:21 . Memory (MB): peak = 791.211 ; gain = 0.000
close [ open C:/Users/ianma/Documents/Simula/Multi-codificador/Multi-codificador.srcs/sources_1/new/Codificador_Exp.vhd w ]
add_files C:/Users/ianma/Documents/Simula/Multi-codificador/Multi-codificador.srcs/sources_1/new/Codificador_Exp.vhd
update_compile_order -fileset sources_1
close [ open C:/Users/ianma/Documents/Simula/Multi-codificador/Multi-codificador.srcs/sources_1/new/BCD742_Exp.vhd w ]
add_files C:/Users/ianma/Documents/Simula/Multi-codificador/Multi-codificador.srcs/sources_1/new/BCD742_Exp.vhd
close [ open C:/Users/ianma/Documents/Simula/Multi-codificador/Multi-codificador.srcs/sources_1/new/BCD5211_Exp.vhd w ]
add_files C:/Users/ianma/Documents/Simula/Multi-codificador/Multi-codificador.srcs/sources_1/new/BCD5211_Exp.vhd
close [ open C:/Users/ianma/Documents/Simula/Multi-codificador/Multi-codificador.srcs/sources_1/new/XS3_Exp.vhd w ]
add_files C:/Users/ianma/Documents/Simula/Multi-codificador/Multi-codificador.srcs/sources_1/new/XS3_Exp.vhd
close [ open C:/Users/ianma/Documents/Simula/Multi-codificador/Multi-codificador.srcs/sources_1/new/BCD2421_Exp.vhd w ]
add_files C:/Users/ianma/Documents/Simula/Multi-codificador/Multi-codificador.srcs/sources_1/new/BCD2421_Exp.vhd
update_compile_order -fileset sources_1
remove_files  C:/Users/ianma/Documents/Simula/Multi-codificador/Multi-codificador.srcs/sources_1/new/BCD742_Exp.vhd
add_files -norecurse {C:/Users/ianma/Documents/Simula/Multi-codificador/Multi-codificador.srcs/sources_1/new/BCD5211_Exp.vhd C:/Users/ianma/Documents/Simula/Multi-codificador/Multi-codificador.srcs/sources_1/new/XS3_Exp.vhd C:/Users/ianma/Documents/Simula/Multi-codificador/Multi-codificador.srcs/sources_1/new/BCD2421_Exp.vhd}
WARNING: [filemgmt 56-12] File 'C:/Users/ianma/Documents/Simula/Multi-codificador/Multi-codificador.srcs/sources_1/new/BCD5211_Exp.vhd' cannot be added to the project because it already exists in the project, skipping this file
WARNING: [filemgmt 56-12] File 'C:/Users/ianma/Documents/Simula/Multi-codificador/Multi-codificador.srcs/sources_1/new/XS3_Exp.vhd' cannot be added to the project because it already exists in the project, skipping this file
WARNING: [filemgmt 56-12] File 'C:/Users/ianma/Documents/Simula/Multi-codificador/Multi-codificador.srcs/sources_1/new/BCD2421_Exp.vhd' cannot be added to the project because it already exists in the project, skipping this file
close [ open C:/Users/ianma/Documents/Simula/Multi-codificador/Multi-codificador.srcs/sources_1/new/BCD7421_Exp.vhd w ]
add_files C:/Users/ianma/Documents/Simula/Multi-codificador/Multi-codificador.srcs/sources_1/new/BCD7421_Exp.vhd
update_compile_order -fileset sources_1
add_files -norecurse C:/Users/ianma/Documents/Simula/Multi-codificador/Multi-codificador.srcs/sources_1/new/BCD2421_Exp.vhd
WARNING: [filemgmt 56-12] File 'C:/Users/ianma/Documents/Simula/Multi-codificador/Multi-codificador.srcs/sources_1/new/BCD2421_Exp.vhd' cannot be added to the project because it already exists in the project, skipping this file
close [ open C:/Users/ianma/Documents/Simula/Multi-codificador/Multi-codificador.srcs/sources_1/new/BCD5211_Exp.vhd w ]
add_files C:/Users/ianma/Documents/Simula/Multi-codificador/Multi-codificador.srcs/sources_1/new/BCD5211_Exp.vhd
WARNING: [filemgmt 56-12] File 'C:/Users/ianma/Documents/Simula/Multi-codificador/Multi-codificador.srcs/sources_1/new/BCD5211_Exp.vhd' cannot be added to the project because it already exists in the project, skipping this file
close [ open C:/Users/ianma/Documents/Simula/Multi-codificador/Multi-codificador.srcs/sources_1/new/BCD2421_Exp.vhd w ]
add_files C:/Users/ianma/Documents/Simula/Multi-codificador/Multi-codificador.srcs/sources_1/new/BCD2421_Exp.vhd
WARNING: [filemgmt 56-12] File 'C:/Users/ianma/Documents/Simula/Multi-codificador/Multi-codificador.srcs/sources_1/new/BCD2421_Exp.vhd' cannot be added to the project because it already exists in the project, skipping this file
close [ open C:/Users/ianma/Documents/Simula/Multi-codificador/Multi-codificador.srcs/sources_1/new/XS3_Exp.vhd w ]
add_files C:/Users/ianma/Documents/Simula/Multi-codificador/Multi-codificador.srcs/sources_1/new/XS3_Exp.vhd
WARNING: [filemgmt 56-12] File 'C:/Users/ianma/Documents/Simula/Multi-codificador/Multi-codificador.srcs/sources_1/new/XS3_Exp.vhd' cannot be added to the project because it already exists in the project, skipping this file
close_sim
INFO: [Simtcl 6-16] Simulation closed
close_sim: Time (s): cpu = 00:00:01 ; elapsed = 00:00:13 . Memory (MB): peak = 824.820 ; gain = 0.000
launch_simulation
INFO: [SIM-utils-51] Simulation object is 'sim_1'
INFO: [SIM-utils-54] Inspecting design source files for 'tb_codificador' in fileset 'sim_1'...
INFO: [USF-XSim-97] Finding global include files...
INFO: [USF-XSim-98] Fetching design files from 'sim_1'...
INFO: [USF-XSim-2] XSim::Compile design
INFO: [USF-XSim-61] Executing 'COMPILE and ANALYZE' step in 'C:/Users/ianma/Documents/Simula/Multi-codificador/Multi-codificador.sim/sim_1/behav'
"xvhdl -m64 --relax -prj tb_codificador_vhdl.prj"
INFO: [VRFC 10-163] Analyzing VHDL file "C:/Users/ianma/Documents/Simula/Multi-codificador/Multi-codificador.srcs/sources_1/new/BCD2421.vhd" into library xil_defaultlib
INFO: [VRFC 10-307] analyzing entity BCD2421
INFO: [VRFC 10-163] Analyzing VHDL file "C:/Users/ianma/Documents/Simula/Multi-codificador/Multi-codificador.srcs/sources_1/new/BCD5211.vhd" into library xil_defaultlib
INFO: [VRFC 10-307] analyzing entity BCD5211
INFO: [VRFC 10-163] Analyzing VHDL file "C:/Users/ianma/Documents/Simula/Multi-codificador/Multi-codificador.srcs/sources_1/new/BCD7421.vhd" into library xil_defaultlib
INFO: [VRFC 10-307] analyzing entity BCD7421
INFO: [VRFC 10-163] Analyzing VHDL file "C:/Users/ianma/Documents/Simula/Multi-codificador/Multi-codificador.srcs/sources_1/new/XS3.vhd" into library xil_defaultlib
INFO: [VRFC 10-307] analyzing entity XS3
INFO: [VRFC 10-163] Analyzing VHDL file "C:/Users/ianma/Documents/Simula/Multi-codificador/Multi-codificador.srcs/sources_1/new/codificador.vhd" into library xil_defaultlib
INFO: [VRFC 10-307] analyzing entity codificador
INFO: [VRFC 10-163] Analyzing VHDL file "C:/Users/ianma/Documents/Simula/Multi-codificador/Multi-codificador.srcs/sim_1/new/tb_codificador.vhd" into library xil_defaultlib
INFO: [VRFC 10-307] analyzing entity tb_codificador
run_program: Time (s): cpu = 00:00:00 ; elapsed = 00:00:08 . Memory (MB): peak = 824.820 ; gain = 0.000
INFO: [USF-XSim-69] 'compile' step finished in '8' seconds
INFO: [USF-XSim-3] XSim::Elaborate design
INFO: [USF-XSim-61] Executing 'ELABORATE' step in 'C:/Users/ianma/Documents/Simula/Multi-codificador/Multi-codificador.sim/sim_1/behav'
Vivado Simulator 2017.2
Copyright 1986-1999, 2001-2016 Xilinx, Inc. All Rights Reserved.
Running: C:/Xilinx/Vivado/2017.2/bin/unwrapped/win64.o/xelab.exe -wto 5a6aabd8d1ba49aca63f314d98e5d198 --debug typical --relax --mt 2 -L xil_defaultlib -L secureip --snapshot tb_codificador_behav xil_defaultlib.tb_codificador -log elaborate.log 
Using 2 slave threads.
Starting static elaboration
ERROR: [VRFC 10-716] formal port erro2 of mode out cannot be associated with actual port erro2 of mode buffer [C:/Users/ianma/Documents/Simula/Multi-codificador/Multi-codificador.srcs/sim_1/new/tb_codificador.vhd:15]
ERROR: [XSIM 43-3321] Static elaboration of top level VHDL design unit tb_codificador in library work failed.
run_program: Time (s): cpu = 00:00:01 ; elapsed = 00:00:08 . Memory (MB): peak = 824.820 ; gain = 0.000
INFO: [USF-XSim-69] 'elaborate' step finished in '8' seconds
INFO: [USF-XSim-99] Step results log file:'C:/Users/ianma/Documents/Simula/Multi-codificador/Multi-codificador.sim/sim_1/behav/elaborate.log'
ERROR: [USF-XSim-62] 'elaborate' step failed with error(s). Please check the Tcl console output or 'C:/Users/ianma/Documents/Simula/Multi-codificador/Multi-codificador.sim/sim_1/behav/elaborate.log' file for more information.
ERROR: [Vivado 12-4473] Detected error while running simulation. Please correct the issue and retry this operation.
launch_simulation: Time (s): cpu = 00:00:03 ; elapsed = 00:00:19 . Memory (MB): peak = 824.820 ; gain = 0.000
ERROR: [Common 17-39] 'launch_simulation' failed due to earlier errors.
launch_simulation
INFO: [SIM-utils-51] Simulation object is 'sim_1'
INFO: [SIM-utils-54] Inspecting design source files for 'tb_codificador' in fileset 'sim_1'...
INFO: [USF-XSim-97] Finding global include files...
INFO: [USF-XSim-98] Fetching design files from 'sim_1'...
INFO: [USF-XSim-2] XSim::Compile design
INFO: [USF-XSim-61] Executing 'COMPILE and ANALYZE' step in 'C:/Users/ianma/Documents/Simula/Multi-codificador/Multi-codificador.sim/sim_1/behav'
"xvhdl -m64 --relax -prj tb_codificador_vhdl.prj"
INFO: [VRFC 10-163] Analyzing VHDL file "C:/Users/ianma/Documents/Simula/Multi-codificador/Multi-codificador.srcs/sources_1/new/BCD2421.vhd" into library xil_defaultlib
INFO: [VRFC 10-307] analyzing entity BCD2421
INFO: [VRFC 10-163] Analyzing VHDL file "C:/Users/ianma/Documents/Simula/Multi-codificador/Multi-codificador.srcs/sources_1/new/BCD5211.vhd" into library xil_defaultlib
INFO: [VRFC 10-307] analyzing entity BCD5211
INFO: [VRFC 10-163] Analyzing VHDL file "C:/Users/ianma/Documents/Simula/Multi-codificador/Multi-codificador.srcs/sources_1/new/BCD7421.vhd" into library xil_defaultlib
INFO: [VRFC 10-307] analyzing entity BCD7421
INFO: [VRFC 10-163] Analyzing VHDL file "C:/Users/ianma/Documents/Simula/Multi-codificador/Multi-codificador.srcs/sources_1/new/XS3.vhd" into library xil_defaultlib
INFO: [VRFC 10-307] analyzing entity XS3
INFO: [VRFC 10-163] Analyzing VHDL file "C:/Users/ianma/Documents/Simula/Multi-codificador/Multi-codificador.srcs/sources_1/new/codificador.vhd" into library xil_defaultlib
INFO: [VRFC 10-307] analyzing entity codificador
INFO: [VRFC 10-163] Analyzing VHDL file "C:/Users/ianma/Documents/Simula/Multi-codificador/Multi-codificador.srcs/sim_1/new/tb_codificador.vhd" into library xil_defaultlib
INFO: [VRFC 10-307] analyzing entity tb_codificador
INFO: [USF-XSim-69] 'compile' step finished in '4' seconds
INFO: [USF-XSim-3] XSim::Elaborate design
INFO: [USF-XSim-61] Executing 'ELABORATE' step in 'C:/Users/ianma/Documents/Simula/Multi-codificador/Multi-codificador.sim/sim_1/behav'
Vivado Simulator 2017.2
Copyright 1986-1999, 2001-2016 Xilinx, Inc. All Rights Reserved.
Running: C:/Xilinx/Vivado/2017.2/bin/unwrapped/win64.o/xelab.exe -wto 5a6aabd8d1ba49aca63f314d98e5d198 --debug typical --relax --mt 2 -L xil_defaultlib -L secureip --snapshot tb_codificador_behav xil_defaultlib.tb_codificador -log elaborate.log 
Using 2 slave threads.
Starting static elaboration
Completed static elaboration
Starting simulation data flow analysis
Completed simulation data flow analysis
Time Resolution for simulation is 1ps
Compiling package std.standard
Compiling package std.textio
Compiling package ieee.std_logic_1164
Compiling package ieee.numeric_std
Compiling architecture behavioral of entity xil_defaultlib.BCD7421 [bcd7421_default]
Compiling architecture behavioral of entity xil_defaultlib.BCD5211 [bcd5211_default]
Compiling architecture behavioral of entity xil_defaultlib.BCD2421 [bcd2421_default]
Compiling architecture behavioral of entity xil_defaultlib.XS3 [xs3_default]
Compiling architecture behavioral of entity xil_defaultlib.codificador [codificador_default]
Compiling architecture behavioral of entity xil_defaultlib.tb_codificador
Built simulation snapshot tb_codificador_behav

****** Webtalk v2017.2 (64-bit)
  **** SW Build 1909853 on Thu Jun 15 18:39:09 MDT 2017
  **** IP Build 1909766 on Thu Jun 15 19:58:00 MDT 2017
    ** Copyright 1986-2017 Xilinx, Inc. All Rights Reserved.

source C:/Users/ianma/Documents/Simula/Multi-codificador/Multi-codificador.sim/sim_1/behav/xsim.dir/tb_codificador_behav/webtalk/xsim_webtalk.tcl -notrace
INFO: [Common 17-206] Exiting Webtalk at Sat Jun 24 23:53:56 2017...
run_program: Time (s): cpu = 00:00:01 ; elapsed = 00:00:11 . Memory (MB): peak = 824.820 ; gain = 0.000
INFO: [USF-XSim-69] 'elaborate' step finished in '11' seconds
INFO: [USF-XSim-4] XSim::Simulate design
INFO: [USF-XSim-61] Executing 'SIMULATE' step in 'C:/Users/ianma/Documents/Simula/Multi-codificador/Multi-codificador.sim/sim_1/behav'
INFO: [USF-XSim-98] *** Running xsim
   with args "tb_codificador_behav -key {Behavioral:sim_1:Functional:tb_codificador} -tclbatch {tb_codificador.tcl} -log {simulate.log}"
INFO: [USF-XSim-8] Loading simulator feature
Vivado Simulator 2017.2
Time resolution is 1 ps
source tb_codificador.tcl
# set curr_wave [current_wave_config]
# if { [string length $curr_wave] == 0 } {
#   if { [llength [get_objects]] > 0} {
#     add_wave /
#     set_property needs_save false [current_wave_config]
#   } else {
#      send_msg_id Add_Wave-1 WARNING "No top level signals found. Simulator will start without a wave window. If you want to open a wave window go to 'File->New Waveform Configuration' or type 'create_wave_config' in the TCL console."
#   }
# }
# run 640ns
xsim: Time (s): cpu = 00:00:08 ; elapsed = 00:00:07 . Memory (MB): peak = 824.820 ; gain = 0.000
INFO: [USF-XSim-96] XSim completed. Design snapshot 'tb_codificador_behav' loaded.
INFO: [USF-XSim-97] XSim simulation ran for 640ns
launch_simulation: Time (s): cpu = 00:00:10 ; elapsed = 00:00:23 . Memory (MB): peak = 824.820 ; gain = 0.000
close_sim
INFO: [Simtcl 6-16] Simulation closed
close_sim: Time (s): cpu = 00:00:00 ; elapsed = 00:00:07 . Memory (MB): peak = 824.820 ; gain = 0.000
launch_simulation
INFO: [SIM-utils-51] Simulation object is 'sim_1'
INFO: [SIM-utils-54] Inspecting design source files for 'tb_codificador' in fileset 'sim_1'...
INFO: [USF-XSim-97] Finding global include files...
INFO: [USF-XSim-98] Fetching design files from 'sim_1'...
INFO: [USF-XSim-2] XSim::Compile design
INFO: [USF-XSim-61] Executing 'COMPILE and ANALYZE' step in 'C:/Users/ianma/Documents/Simula/Multi-codificador/Multi-codificador.sim/sim_1/behav'
"xvhdl -m64 --relax -prj tb_codificador_vhdl.prj"
INFO: [VRFC 10-163] Analyzing VHDL file "C:/Users/ianma/Documents/Simula/Multi-codificador/Multi-codificador.srcs/sources_1/new/BCD2421_Exp.vhd" into library xil_defaultlib
INFO: [VRFC 10-307] analyzing entity BCD2421_Exp
ERROR: [VRFC 10-91] bcd2411 is not declared [C:/Users/ianma/Documents/Simula/Multi-codificador/Multi-codificador.srcs/sources_1/new/BCD2421_Exp.vhd:14]
ERROR: [VRFC 10-91] bcd2411 is not declared [C:/Users/ianma/Documents/Simula/Multi-codificador/Multi-codificador.srcs/sources_1/new/BCD2421_Exp.vhd:15]
ERROR: [VRFC 10-91] bcd2411 is not declared [C:/Users/ianma/Documents/Simula/Multi-codificador/Multi-codificador.srcs/sources_1/new/BCD2421_Exp.vhd:16]
ERROR: [VRFC 10-91] bcd2411 is not declared [C:/Users/ianma/Documents/Simula/Multi-codificador/Multi-codificador.srcs/sources_1/new/BCD2421_Exp.vhd:17]
ERROR: [VRFC 10-1504] unit behavioral ignored due to previous errors [C:/Users/ianma/Documents/Simula/Multi-codificador/Multi-codificador.srcs/sources_1/new/BCD2421_Exp.vhd:10]
INFO: [VRFC 10-240] VHDL file C:/Users/ianma/Documents/Simula/Multi-codificador/Multi-codificador.srcs/sources_1/new/BCD2421_Exp.vhd ignored due to errors
INFO: [VRFC 10-163] Analyzing VHDL file "C:/Users/ianma/Documents/Simula/Multi-codificador/Multi-codificador.srcs/sources_1/new/BCD5211_Exp.vhd" into library xil_defaultlib
INFO: [VRFC 10-307] analyzing entity BCD5211_Exp
INFO: [VRFC 10-163] Analyzing VHDL file "C:/Users/ianma/Documents/Simula/Multi-codificador/Multi-codificador.srcs/sources_1/new/BCD7421_Exp.vhd" into library xil_defaultlib
INFO: [VRFC 10-307] analyzing entity BCD7421_Exp
INFO: [VRFC 10-163] Analyzing VHDL file "C:/Users/ianma/Documents/Simula/Multi-codificador/Multi-codificador.srcs/sources_1/new/Codificador_Exp.vhd" into library xil_defaultlib
INFO: [VRFC 10-307] analyzing entity Codificador_Exp
INFO: [VRFC 10-163] Analyzing VHDL file "C:/Users/ianma/Documents/Simula/Multi-codificador/Multi-codificador.srcs/sources_1/new/XS3_Exp.vhd" into library xil_defaultlib
INFO: [VRFC 10-307] analyzing entity XS3_Exp
INFO: [VRFC 10-163] Analyzing VHDL file "C:/Users/ianma/Documents/Simula/Multi-codificador/Multi-codificador.srcs/sim_1/new/tb_codificador.vhd" into library xil_defaultlib
INFO: [VRFC 10-307] analyzing entity tb_codificador
INFO: [USF-XSim-69] 'compile' step finished in '4' seconds
INFO: [USF-XSim-99] Step results log file:'C:/Users/ianma/Documents/Simula/Multi-codificador/Multi-codificador.sim/sim_1/behav/xvhdl.log'
ERROR: [USF-XSim-62] 'compile' step failed with error(s). Please check the Tcl console output or 'C:/Users/ianma/Documents/Simula/Multi-codificador/Multi-codificador.sim/sim_1/behav/xvhdl.log' file for more information.
ERROR: [Vivado 12-4473] Detected error while running simulation. Please correct the issue and retry this operation.
ERROR: [Common 17-39] 'launch_simulation' failed due to earlier errors.
launch_simulation
INFO: [SIM-utils-51] Simulation object is 'sim_1'
INFO: [SIM-utils-54] Inspecting design source files for 'tb_codificador' in fileset 'sim_1'...
INFO: [USF-XSim-97] Finding global include files...
INFO: [USF-XSim-98] Fetching design files from 'sim_1'...
INFO: [USF-XSim-2] XSim::Compile design
INFO: [USF-XSim-61] Executing 'COMPILE and ANALYZE' step in 'C:/Users/ianma/Documents/Simula/Multi-codificador/Multi-codificador.sim/sim_1/behav'
"xvhdl -m64 --relax -prj tb_codificador_vhdl.prj"
INFO: [VRFC 10-163] Analyzing VHDL file "C:/Users/ianma/Documents/Simula/Multi-codificador/Multi-codificador.srcs/sources_1/new/BCD2421.vhd" into library xil_defaultlib
INFO: [VRFC 10-307] analyzing entity BCD2421
INFO: [VRFC 10-163] Analyzing VHDL file "C:/Users/ianma/Documents/Simula/Multi-codificador/Multi-codificador.srcs/sources_1/new/BCD5211.vhd" into library xil_defaultlib
INFO: [VRFC 10-307] analyzing entity BCD5211
INFO: [VRFC 10-163] Analyzing VHDL file "C:/Users/ianma/Documents/Simula/Multi-codificador/Multi-codificador.srcs/sources_1/new/BCD7421.vhd" into library xil_defaultlib
INFO: [VRFC 10-307] analyzing entity BCD7421
INFO: [VRFC 10-163] Analyzing VHDL file "C:/Users/ianma/Documents/Simula/Multi-codificador/Multi-codificador.srcs/sources_1/new/XS3.vhd" into library xil_defaultlib
INFO: [VRFC 10-307] analyzing entity XS3
INFO: [VRFC 10-163] Analyzing VHDL file "C:/Users/ianma/Documents/Simula/Multi-codificador/Multi-codificador.srcs/sources_1/new/codificador.vhd" into library xil_defaultlib
INFO: [VRFC 10-307] analyzing entity codificador
INFO: [VRFC 10-163] Analyzing VHDL file "C:/Users/ianma/Documents/Simula/Multi-codificador/Multi-codificador.srcs/sim_1/new/tb_codificador.vhd" into library xil_defaultlib
INFO: [VRFC 10-307] analyzing entity tb_codificador
INFO: [USF-XSim-69] 'compile' step finished in '3' seconds
INFO: [USF-XSim-3] XSim::Elaborate design
INFO: [USF-XSim-61] Executing 'ELABORATE' step in 'C:/Users/ianma/Documents/Simula/Multi-codificador/Multi-codificador.sim/sim_1/behav'
Vivado Simulator 2017.2
Copyright 1986-1999, 2001-2016 Xilinx, Inc. All Rights Reserved.
Running: C:/Xilinx/Vivado/2017.2/bin/unwrapped/win64.o/xelab.exe -wto 5a6aabd8d1ba49aca63f314d98e5d198 --debug typical --relax --mt 2 -L xil_defaultlib -L secureip --snapshot tb_codificador_behav xil_defaultlib.tb_codificador -log elaborate.log 
Using 2 slave threads.
Starting static elaboration
Completed static elaboration
Starting simulation data flow analysis
Completed simulation data flow analysis
Time Resolution for simulation is 1ps
Compiling package std.standard
Compiling package std.textio
Compiling package ieee.std_logic_1164
Compiling package ieee.numeric_std
Compiling architecture behavioral of entity xil_defaultlib.BCD7421 [bcd7421_default]
Compiling architecture behavioral of entity xil_defaultlib.BCD5211 [bcd5211_default]
Compiling architecture behavioral of entity xil_defaultlib.BCD2421 [bcd2421_default]
Compiling architecture behavioral of entity xil_defaultlib.XS3 [xs3_default]
Compiling architecture behavioral of entity xil_defaultlib.codificador [codificador_default]
Compiling architecture behavioral of entity xil_defaultlib.tb_codificador
Built simulation snapshot tb_codificador_behav

****** Webtalk v2017.2 (64-bit)
  **** SW Build 1909853 on Thu Jun 15 18:39:09 MDT 2017
  **** IP Build 1909766 on Thu Jun 15 19:58:00 MDT 2017
    ** Copyright 1986-2017 Xilinx, Inc. All Rights Reserved.

source C:/Users/ianma/Documents/Simula/Multi-codificador/Multi-codificador.sim/sim_1/behav/xsim.dir/tb_codificador_behav/webtalk/xsim_webtalk.tcl -notrace
INFO: [Common 17-206] Exiting Webtalk at Sun Jun 25 00:05:22 2017...
run_program: Time (s): cpu = 00:00:00 ; elapsed = 00:00:11 . Memory (MB): peak = 824.820 ; gain = 0.000
INFO: [USF-XSim-69] 'elaborate' step finished in '10' seconds
INFO: [USF-XSim-4] XSim::Simulate design
INFO: [USF-XSim-61] Executing 'SIMULATE' step in 'C:/Users/ianma/Documents/Simula/Multi-codificador/Multi-codificador.sim/sim_1/behav'
INFO: [USF-XSim-98] *** Running xsim
   with args "tb_codificador_behav -key {Behavioral:sim_1:Functional:tb_codificador} -tclbatch {tb_codificador.tcl} -log {simulate.log}"
INFO: [USF-XSim-8] Loading simulator feature
Vivado Simulator 2017.2
Time resolution is 1 ps
source tb_codificador.tcl
# set curr_wave [current_wave_config]
# if { [string length $curr_wave] == 0 } {
#   if { [llength [get_objects]] > 0} {
#     add_wave /
#     set_property needs_save false [current_wave_config]
#   } else {
#      send_msg_id Add_Wave-1 WARNING "No top level signals found. Simulator will start without a wave window. If you want to open a wave window go to 'File->New Waveform Configuration' or type 'create_wave_config' in the TCL console."
#   }
# }
# run 640ns
xsim: Time (s): cpu = 00:00:07 ; elapsed = 00:00:06 . Memory (MB): peak = 824.820 ; gain = 0.000
INFO: [USF-XSim-96] XSim completed. Design snapshot 'tb_codificador_behav' loaded.
INFO: [USF-XSim-97] XSim simulation ran for 640ns
launch_simulation: Time (s): cpu = 00:00:09 ; elapsed = 00:00:21 . Memory (MB): peak = 824.820 ; gain = 0.000
close [ open C:/Users/ianma/Documents/Simula/Multi-codificador/Multi-codificador.srcs/sources_1/new/Codificador_Circ.vhd w ]
add_files C:/Users/ianma/Documents/Simula/Multi-codificador/Multi-codificador.srcs/sources_1/new/Codificador_Circ.vhd
update_compile_order -fileset sources_1
update_compile_order -fileset sources_1
update_compile_order -fileset sources_1
close_sim
INFO: [Simtcl 6-16] Simulation closed
close_sim: Time (s): cpu = 00:00:01 ; elapsed = 00:00:08 . Memory (MB): peak = 827.141 ; gain = 0.000
update_compile_order -fileset sources_1
update_compile_order -fileset sources_1
update_compile_order -fileset sources_1
update_compile_order -fileset sources_1
WARNING: [filemgmt 56-199] Attempt to get parsing info during refresh. "On-the-fly" syntax checking information may be incorrect. [C:/Users/ianma/Documents/Simula/Multi-codificador/Multi-codificador.srcs/sources_1/new/Codificador_Exp.vhd:]
WARNING: [filemgmt 56-199] Attempt to get parsing info during refresh. "On-the-fly" syntax checking information may be incorrect. [C:/Users/ianma/Documents/Simula/Multi-codificador/Multi-codificador.srcs/sources_1/new/BCD2421_Exp.vhd:]
WARNING: [filemgmt 56-199] Attempt to get parsing info during refresh. "On-the-fly" syntax checking information may be incorrect. [C:/Users/ianma/Documents/Simula/Multi-codificador/Multi-codificador.srcs/sources_1/new/Codificador_Circ.vhd:]
WARNING: [filemgmt 56-199] Attempt to get parsing info during refresh. "On-the-fly" syntax checking information may be incorrect. [C:/Users/ianma/Documents/Simula/Multi-codificador/Multi-codificador.srcs/sim_1/new/tb_codificador.vhd:]
WARNING: [filemgmt 56-199] Attempt to get parsing info during refresh. "On-the-fly" syntax checking information may be incorrect. [C:/Users/ianma/Documents/Simula/Multi-codificador/Multi-codificador.srcs/sources_1/new/codificador.vhd:]
WARNING: [filemgmt 56-199] Attempt to get parsing info during refresh. "On-the-fly" syntax checking information may be incorrect. [C:/Users/ianma/Documents/Simula/Multi-codificador/Multi-codificador.srcs/sources_1/new/BCD7421.vhd:]
WARNING: [filemgmt 56-199] Attempt to get parsing info during refresh. "On-the-fly" syntax checking information may be incorrect. [C:/Users/ianma/Documents/Simula/Multi-codificador/Multi-codificador.srcs/sources_1/new/XS3_Exp.vhd:]
WARNING: [filemgmt 56-199] Attempt to get parsing info during refresh. "On-the-fly" syntax checking information may be incorrect. [C:/Users/ianma/Documents/Simula/Multi-codificador/Multi-codificador.srcs/sources_1/new/BCD742_Exp.vhd:]
WARNING: [filemgmt 56-199] Attempt to get parsing info during refresh. "On-the-fly" syntax checking information may be incorrect. [C:/Users/ianma/Documents/Simula/Multi-codificador/Multi-codificador.srcs/sources_1/new/BCD5211_Exp.vhd:]
WARNING: [filemgmt 56-199] Attempt to get parsing info during refresh. "On-the-fly" syntax checking information may be incorrect. [C:/Users/ianma/Documents/Simula/Multi-codificador/Multi-codificador.srcs/sources_1/new/BCD7421_Exp.vhd:]
ERROR: [Common 17-180] Spawn failed: No error
ERROR: [filemgmt 56-285] srcscanner execution failed with return code -1.
config_webtalk -user on
set_property -name {xsim.simulate.runtime} -value {1280ns} -objects [get_filesets sim_1]
WARNING: [filemgmt 56-199] Attempt to get parsing info during refresh. "On-the-fly" syntax checking information may be incorrect. [C:/Users/ianma/Documents/Simula/Multi-codificador/Multi-codificador.srcs/sources_1/new/Codificador_Exp.vhd:]
WARNING: [filemgmt 56-199] Attempt to get parsing info during refresh. "On-the-fly" syntax checking information may be incorrect. [C:/Users/ianma/Documents/Simula/Multi-codificador/Multi-codificador.srcs/sources_1/new/BCD2421_Exp.vhd:]
WARNING: [filemgmt 56-199] Attempt to get parsing info during refresh. "On-the-fly" syntax checking information may be incorrect. [C:/Users/ianma/Documents/Simula/Multi-codificador/Multi-codificador.srcs/sources_1/new/Codificador_Circ.vhd:]
WARNING: [filemgmt 56-199] Attempt to get parsing info during refresh. "On-the-fly" syntax checking information may be incorrect. [C:/Users/ianma/Documents/Simula/Multi-codificador/Multi-codificador.srcs/sim_1/new/tb_codificador.vhd:]
WARNING: [filemgmt 56-199] Attempt to get parsing info during refresh. "On-the-fly" syntax checking information may be incorrect. [C:/Users/ianma/Documents/Simula/Multi-codificador/Multi-codificador.srcs/sources_1/new/codificador.vhd:]
WARNING: [filemgmt 56-199] Attempt to get parsing info during refresh. "On-the-fly" syntax checking information may be incorrect. [C:/Users/ianma/Documents/Simula/Multi-codificador/Multi-codificador.srcs/sources_1/new/BCD7421.vhd:]
WARNING: [filemgmt 56-199] Attempt to get parsing info during refresh. "On-the-fly" syntax checking information may be incorrect. [C:/Users/ianma/Documents/Simula/Multi-codificador/Multi-codificador.srcs/sources_1/new/XS3_Exp.vhd:]
WARNING: [filemgmt 56-199] Attempt to get parsing info during refresh. "On-the-fly" syntax checking information may be incorrect. [C:/Users/ianma/Documents/Simula/Multi-codificador/Multi-codificador.srcs/sources_1/new/BCD742_Exp.vhd:]
WARNING: [filemgmt 56-199] Attempt to get parsing info during refresh. "On-the-fly" syntax checking information may be incorrect. [C:/Users/ianma/Documents/Simula/Multi-codificador/Multi-codificador.srcs/sources_1/new/BCD5211_Exp.vhd:]
WARNING: [filemgmt 56-199] Attempt to get parsing info during refresh. "On-the-fly" syntax checking information may be incorrect. [C:/Users/ianma/Documents/Simula/Multi-codificador/Multi-codificador.srcs/sources_1/new/BCD7421_Exp.vhd:]
WARNING: [filemgmt 56-199] Attempt to get parsing info during refresh. "On-the-fly" syntax checking information may be incorrect. [C:/Users/ianma/Documents/Simula/Multi-codificador/Multi-codificador.srcs/sources_1/new/Codificador_Exp.vhd:]
WARNING: [filemgmt 56-199] Attempt to get parsing info during refresh. "On-the-fly" syntax checking information may be incorrect. [C:/Users/ianma/Documents/Simula/Multi-codificador/Multi-codificador.srcs/sources_1/new/BCD2421_Exp.vhd:]
WARNING: [filemgmt 56-199] Attempt to get parsing info during refresh. "On-the-fly" syntax checking information may be incorrect. [C:/Users/ianma/Documents/Simula/Multi-codificador/Multi-codificador.srcs/sources_1/new/Codificador_Circ.vhd:]
WARNING: [filemgmt 56-199] Attempt to get parsing info during refresh. "On-the-fly" syntax checking information may be incorrect. [C:/Users/ianma/Documents/Simula/Multi-codificador/Multi-codificador.srcs/sim_1/new/tb_codificador.vhd:]
WARNING: [filemgmt 56-199] Attempt to get parsing info during refresh. "On-the-fly" syntax checking information may be incorrect. [C:/Users/ianma/Documents/Simula/Multi-codificador/Multi-codificador.srcs/sources_1/new/codificador.vhd:]
WARNING: [filemgmt 56-199] Attempt to get parsing info during refresh. "On-the-fly" syntax checking information may be incorrect. [C:/Users/ianma/Documents/Simula/Multi-codificador/Multi-codificador.srcs/sources_1/new/BCD7421.vhd:]
WARNING: [filemgmt 56-199] Attempt to get parsing info during refresh. "On-the-fly" syntax checking information may be incorrect. [C:/Users/ianma/Documents/Simula/Multi-codificador/Multi-codificador.srcs/sources_1/new/XS3_Exp.vhd:]
WARNING: [filemgmt 56-199] Attempt to get parsing info during refresh. "On-the-fly" syntax checking information may be incorrect. [C:/Users/ianma/Documents/Simula/Multi-codificador/Multi-codificador.srcs/sources_1/new/BCD742_Exp.vhd:]
WARNING: [filemgmt 56-199] Attempt to get parsing info during refresh. "On-the-fly" syntax checking information may be incorrect. [C:/Users/ianma/Documents/Simula/Multi-codificador/Multi-codificador.srcs/sources_1/new/BCD5211_Exp.vhd:]
WARNING: [filemgmt 56-199] Attempt to get parsing info during refresh. "On-the-fly" syntax checking information may be incorrect. [C:/Users/ianma/Documents/Simula/Multi-codificador/Multi-codificador.srcs/sources_1/new/BCD7421_Exp.vhd:]
WARNING: [filemgmt 56-199] Attempt to get parsing info during refresh. "On-the-fly" syntax checking information may be incorrect. [C:/Users/ianma/Documents/Simula/Multi-codificador/Multi-codificador.srcs/sources_1/new/Codificador_Exp.vhd:]
WARNING: [filemgmt 56-199] Attempt to get parsing info during refresh. "On-the-fly" syntax checking information may be incorrect. [C:/Users/ianma/Documents/Simula/Multi-codificador/Multi-codificador.srcs/sources_1/new/BCD2421_Exp.vhd:]
WARNING: [filemgmt 56-199] Attempt to get parsing info during refresh. "On-the-fly" syntax checking information may be incorrect. [C:/Users/ianma/Documents/Simula/Multi-codificador/Multi-codificador.srcs/sources_1/new/Codificador_Circ.vhd:]
WARNING: [filemgmt 56-199] Attempt to get parsing info during refresh. "On-the-fly" syntax checking information may be incorrect. [C:/Users/ianma/Documents/Simula/Multi-codificador/Multi-codificador.srcs/sim_1/new/tb_codificador.vhd:]
WARNING: [filemgmt 56-199] Attempt to get parsing info during refresh. "On-the-fly" syntax checking information may be incorrect. [C:/Users/ianma/Documents/Simula/Multi-codificador/Multi-codificador.srcs/sources_1/new/codificador.vhd:]
WARNING: [filemgmt 56-199] Attempt to get parsing info during refresh. "On-the-fly" syntax checking information may be incorrect. [C:/Users/ianma/Documents/Simula/Multi-codificador/Multi-codificador.srcs/sources_1/new/BCD7421.vhd:]
WARNING: [filemgmt 56-199] Attempt to get parsing info during refresh. "On-the-fly" syntax checking information may be incorrect. [C:/Users/ianma/Documents/Simula/Multi-codificador/Multi-codificador.srcs/sources_1/new/XS3_Exp.vhd:]
WARNING: [filemgmt 56-199] Attempt to get parsing info during refresh. "On-the-fly" syntax checking information may be incorrect. [C:/Users/ianma/Documents/Simula/Multi-codificador/Multi-codificador.srcs/sources_1/new/BCD742_Exp.vhd:]
WARNING: [filemgmt 56-199] Attempt to get parsing info during refresh. "On-the-fly" syntax checking information may be incorrect. [C:/Users/ianma/Documents/Simula/Multi-codificador/Multi-codificador.srcs/sources_1/new/BCD5211_Exp.vhd:]
WARNING: [filemgmt 56-199] Attempt to get parsing info during refresh. "On-the-fly" syntax checking information may be incorrect. [C:/Users/ianma/Documents/Simula/Multi-codificador/Multi-codificador.srcs/sources_1/new/BCD7421_Exp.vhd:]
ERROR: [Common 17-180] Spawn failed: No error
ERROR: [filemgmt 56-285] srcscanner execution failed with return code -1.
launch_simulation
INFO: [SIM-utils-51] Simulation object is 'sim_1'
INFO: [SIM-utils-54] Inspecting design source files for 'tb_codificador' in fileset 'sim_1'...
INFO: [USF-XSim-97] Finding global include files...
INFO: [USF-XSim-98] Fetching design files from 'sim_1'...
INFO: [USF-XSim-2] XSim::Compile design
INFO: [USF-XSim-61] Executing 'COMPILE and ANALYZE' step in 'C:/Users/ianma/Documents/Simula/Multi-codificador/Multi-codificador.sim/sim_1/behav'
"xvhdl -m64 --relax -prj tb_codificador_vhdl.prj"
INFO: [VRFC 10-163] Analyzing VHDL file "C:/Users/ianma/Documents/Simula/Multi-codificador/Multi-codificador.srcs/sources_1/new/BCD2421.vhd" into library xil_defaultlib
INFO: [VRFC 10-307] analyzing entity BCD2421
INFO: [VRFC 10-163] Analyzing VHDL file "C:/Users/ianma/Documents/Simula/Multi-codificador/Multi-codificador.srcs/sources_1/new/BCD2421_Exp.vhd" into library xil_defaultlib
INFO: [VRFC 10-307] analyzing entity BCD2421_Exp
ERROR: [VRFC 10-91] bcd2411 is not declared [C:/Users/ianma/Documents/Simula/Multi-codificador/Multi-codificador.srcs/sources_1/new/BCD2421_Exp.vhd:14]
ERROR: [VRFC 10-91] bcd2411 is not declared [C:/Users/ianma/Documents/Simula/Multi-codificador/Multi-codificador.srcs/sources_1/new/BCD2421_Exp.vhd:15]
ERROR: [VRFC 10-91] bcd2411 is not declared [C:/Users/ianma/Documents/Simula/Multi-codificador/Multi-codificador.srcs/sources_1/new/BCD2421_Exp.vhd:16]
ERROR: [VRFC 10-91] bcd2411 is not declared [C:/Users/ianma/Documents/Simula/Multi-codificador/Multi-codificador.srcs/sources_1/new/BCD2421_Exp.vhd:17]
ERROR: [VRFC 10-1504] unit behavioral ignored due to previous errors [C:/Users/ianma/Documents/Simula/Multi-codificador/Multi-codificador.srcs/sources_1/new/BCD2421_Exp.vhd:10]
INFO: [VRFC 10-240] VHDL file C:/Users/ianma/Documents/Simula/Multi-codificador/Multi-codificador.srcs/sources_1/new/BCD2421_Exp.vhd ignored due to errors
INFO: [VRFC 10-163] Analyzing VHDL file "C:/Users/ianma/Documents/Simula/Multi-codificador/Multi-codificador.srcs/sources_1/new/BCD5211.vhd" into library xil_defaultlib
INFO: [VRFC 10-307] analyzing entity BCD5211
INFO: [VRFC 10-163] Analyzing VHDL file "C:/Users/ianma/Documents/Simula/Multi-codificador/Multi-codificador.srcs/sources_1/new/BCD5211_Exp.vhd" into library xil_defaultlib
INFO: [VRFC 10-307] analyzing entity BCD5211_Exp
INFO: [VRFC 10-163] Analyzing VHDL file "C:/Users/ianma/Documents/Simula/Multi-codificador/Multi-codificador.srcs/sources_1/new/BCD7421.vhd" into library xil_defaultlib
INFO: [VRFC 10-307] analyzing entity BCD7421
INFO: [VRFC 10-163] Analyzing VHDL file "C:/Users/ianma/Documents/Simula/Multi-codificador/Multi-codificador.srcs/sources_1/new/BCD7421_Exp.vhd" into library xil_defaultlib
INFO: [VRFC 10-307] analyzing entity BCD7421_Exp
INFO: [VRFC 10-163] Analyzing VHDL file "C:/Users/ianma/Documents/Simula/Multi-codificador/Multi-codificador.srcs/sources_1/new/Codificador_Circ.vhd" into library xil_defaultlib
INFO: [VRFC 10-307] analyzing entity Codificador_Circ
INFO: [VRFC 10-163] Analyzing VHDL file "C:/Users/ianma/Documents/Simula/Multi-codificador/Multi-codificador.srcs/sources_1/new/Codificador_Exp.vhd" into library xil_defaultlib
INFO: [VRFC 10-307] analyzing entity Codificador_Exp
INFO: [VRFC 10-163] Analyzing VHDL file "C:/Users/ianma/Documents/Simula/Multi-codificador/Multi-codificador.srcs/sources_1/new/XS3.vhd" into library xil_defaultlib
INFO: [VRFC 10-307] analyzing entity XS3
INFO: [VRFC 10-163] Analyzing VHDL file "C:/Users/ianma/Documents/Simula/Multi-codificador/Multi-codificador.srcs/sources_1/new/XS3_Exp.vhd" into library xil_defaultlib
INFO: [VRFC 10-307] analyzing entity XS3_Exp
INFO: [VRFC 10-163] Analyzing VHDL file "C:/Users/ianma/Documents/Simula/Multi-codificador/Multi-codificador.srcs/sources_1/new/codificador.vhd" into library xil_defaultlib
INFO: [VRFC 10-307] analyzing entity codificador
INFO: [VRFC 10-163] Analyzing VHDL file "C:/Users/ianma/Documents/Simula/Multi-codificador/Multi-codificador.srcs/sim_1/new/tb_codificador.vhd" into library xil_defaultlib
INFO: [VRFC 10-307] analyzing entity tb_codificador
ERROR: [VRFC 10-1466] type time does not match with the integer literal [C:/Users/ianma/Documents/Simula/Multi-codificador/Multi-codificador.srcs/sim_1/new/tb_codificador.vhd:30]
ERROR: [VRFC 10-1504] unit behavioral ignored due to previous errors [C:/Users/ianma/Documents/Simula/Multi-codificador/Multi-codificador.srcs/sim_1/new/tb_codificador.vhd:9]
INFO: [VRFC 10-240] VHDL file C:/Users/ianma/Documents/Simula/Multi-codificador/Multi-codificador.srcs/sim_1/new/tb_codificador.vhd ignored due to errors
run_program: Time (s): cpu = 00:00:01 ; elapsed = 00:00:05 . Memory (MB): peak = 840.891 ; gain = 0.000
INFO: [USF-XSim-69] 'compile' step finished in '5' seconds
INFO: [USF-XSim-99] Step results log file:'C:/Users/ianma/Documents/Simula/Multi-codificador/Multi-codificador.sim/sim_1/behav/xvhdl.log'
ERROR: [USF-XSim-62] 'compile' step failed with error(s). Please check the Tcl console output or 'C:/Users/ianma/Documents/Simula/Multi-codificador/Multi-codificador.sim/sim_1/behav/xvhdl.log' file for more information.
ERROR: [Vivado 12-4473] Detected error while running simulation. Please correct the issue and retry this operation.
launch_simulation: Time (s): cpu = 00:00:01 ; elapsed = 00:00:06 . Memory (MB): peak = 840.891 ; gain = 0.000
ERROR: [Common 17-39] 'launch_simulation' failed due to earlier errors.
launch_simulation
INFO: [SIM-utils-51] Simulation object is 'sim_1'
INFO: [SIM-utils-54] Inspecting design source files for 'tb_codificador' in fileset 'sim_1'...
INFO: [USF-XSim-97] Finding global include files...
INFO: [USF-XSim-98] Fetching design files from 'sim_1'...
INFO: [USF-XSim-2] XSim::Compile design
INFO: [USF-XSim-61] Executing 'COMPILE and ANALYZE' step in 'C:/Users/ianma/Documents/Simula/Multi-codificador/Multi-codificador.sim/sim_1/behav'
"xvhdl -m64 --relax -prj tb_codificador_vhdl.prj"
INFO: [VRFC 10-163] Analyzing VHDL file "C:/Users/ianma/Documents/Simula/Multi-codificador/Multi-codificador.srcs/sources_1/new/BCD2421.vhd" into library xil_defaultlib
INFO: [VRFC 10-307] analyzing entity BCD2421
INFO: [VRFC 10-163] Analyzing VHDL file "C:/Users/ianma/Documents/Simula/Multi-codificador/Multi-codificador.srcs/sources_1/new/BCD2421_Exp.vhd" into library xil_defaultlib
INFO: [VRFC 10-307] analyzing entity BCD2421_Exp
ERROR: [VRFC 10-91] bcd2411 is not declared [C:/Users/ianma/Documents/Simula/Multi-codificador/Multi-codificador.srcs/sources_1/new/BCD2421_Exp.vhd:14]
ERROR: [VRFC 10-91] bcd2411 is not declared [C:/Users/ianma/Documents/Simula/Multi-codificador/Multi-codificador.srcs/sources_1/new/BCD2421_Exp.vhd:15]
ERROR: [VRFC 10-91] bcd2411 is not declared [C:/Users/ianma/Documents/Simula/Multi-codificador/Multi-codificador.srcs/sources_1/new/BCD2421_Exp.vhd:16]
ERROR: [VRFC 10-91] bcd2411 is not declared [C:/Users/ianma/Documents/Simula/Multi-codificador/Multi-codificador.srcs/sources_1/new/BCD2421_Exp.vhd:17]
ERROR: [VRFC 10-1504] unit behavioral ignored due to previous errors [C:/Users/ianma/Documents/Simula/Multi-codificador/Multi-codificador.srcs/sources_1/new/BCD2421_Exp.vhd:10]
INFO: [VRFC 10-240] VHDL file C:/Users/ianma/Documents/Simula/Multi-codificador/Multi-codificador.srcs/sources_1/new/BCD2421_Exp.vhd ignored due to errors
INFO: [VRFC 10-163] Analyzing VHDL file "C:/Users/ianma/Documents/Simula/Multi-codificador/Multi-codificador.srcs/sources_1/new/BCD5211.vhd" into library xil_defaultlib
INFO: [VRFC 10-307] analyzing entity BCD5211
INFO: [VRFC 10-163] Analyzing VHDL file "C:/Users/ianma/Documents/Simula/Multi-codificador/Multi-codificador.srcs/sources_1/new/BCD5211_Exp.vhd" into library xil_defaultlib
INFO: [VRFC 10-307] analyzing entity BCD5211_Exp
INFO: [VRFC 10-163] Analyzing VHDL file "C:/Users/ianma/Documents/Simula/Multi-codificador/Multi-codificador.srcs/sources_1/new/BCD7421.vhd" into library xil_defaultlib
INFO: [VRFC 10-307] analyzing entity BCD7421
INFO: [VRFC 10-163] Analyzing VHDL file "C:/Users/ianma/Documents/Simula/Multi-codificador/Multi-codificador.srcs/sources_1/new/BCD7421_Exp.vhd" into library xil_defaultlib
INFO: [VRFC 10-307] analyzing entity BCD7421_Exp
INFO: [VRFC 10-163] Analyzing VHDL file "C:/Users/ianma/Documents/Simula/Multi-codificador/Multi-codificador.srcs/sources_1/new/Codificador_Circ.vhd" into library xil_defaultlib
INFO: [VRFC 10-307] analyzing entity Codificador_Circ
INFO: [VRFC 10-163] Analyzing VHDL file "C:/Users/ianma/Documents/Simula/Multi-codificador/Multi-codificador.srcs/sources_1/new/Codificador_Exp.vhd" into library xil_defaultlib
INFO: [VRFC 10-307] analyzing entity Codificador_Exp
INFO: [VRFC 10-163] Analyzing VHDL file "C:/Users/ianma/Documents/Simula/Multi-codificador/Multi-codificador.srcs/sources_1/new/XS3.vhd" into library xil_defaultlib
INFO: [VRFC 10-307] analyzing entity XS3
INFO: [VRFC 10-163] Analyzing VHDL file "C:/Users/ianma/Documents/Simula/Multi-codificador/Multi-codificador.srcs/sources_1/new/XS3_Exp.vhd" into library xil_defaultlib
INFO: [VRFC 10-307] analyzing entity XS3_Exp
INFO: [VRFC 10-163] Analyzing VHDL file "C:/Users/ianma/Documents/Simula/Multi-codificador/Multi-codificador.srcs/sources_1/new/codificador.vhd" into library xil_defaultlib
INFO: [VRFC 10-307] analyzing entity codificador
INFO: [VRFC 10-163] Analyzing VHDL file "C:/Users/ianma/Documents/Simula/Multi-codificador/Multi-codificador.srcs/sim_1/new/tb_codificador.vhd" into library xil_defaultlib
INFO: [VRFC 10-307] analyzing entity tb_codificador
ERROR: [VRFC 10-1466] type time does not match with the integer literal [C:/Users/ianma/Documents/Simula/Multi-codificador/Multi-codificador.srcs/sim_1/new/tb_codificador.vhd:30]
ERROR: [VRFC 10-1504] unit behavioral ignored due to previous errors [C:/Users/ianma/Documents/Simula/Multi-codificador/Multi-codificador.srcs/sim_1/new/tb_codificador.vhd:9]
INFO: [VRFC 10-240] VHDL file C:/Users/ianma/Documents/Simula/Multi-codificador/Multi-codificador.srcs/sim_1/new/tb_codificador.vhd ignored due to errors
run_program: Time (s): cpu = 00:00:00 ; elapsed = 00:00:05 . Memory (MB): peak = 840.891 ; gain = 0.000
INFO: [USF-XSim-69] 'compile' step finished in '5' seconds
INFO: [USF-XSim-99] Step results log file:'C:/Users/ianma/Documents/Simula/Multi-codificador/Multi-codificador.sim/sim_1/behav/xvhdl.log'
ERROR: [USF-XSim-62] 'compile' step failed with error(s). Please check the Tcl console output or 'C:/Users/ianma/Documents/Simula/Multi-codificador/Multi-codificador.sim/sim_1/behav/xvhdl.log' file for more information.
ERROR: [Vivado 12-4473] Detected error while running simulation. Please correct the issue and retry this operation.
launch_simulation: Time (s): cpu = 00:00:01 ; elapsed = 00:00:06 . Memory (MB): peak = 840.891 ; gain = 0.000
ERROR: [Common 17-39] 'launch_simulation' failed due to earlier errors.
launch_simulation
INFO: [SIM-utils-51] Simulation object is 'sim_1'
INFO: [SIM-utils-54] Inspecting design source files for 'tb_codificador' in fileset 'sim_1'...
INFO: [USF-XSim-97] Finding global include files...
INFO: [USF-XSim-98] Fetching design files from 'sim_1'...
INFO: [USF-XSim-2] XSim::Compile design
INFO: [USF-XSim-61] Executing 'COMPILE and ANALYZE' step in 'C:/Users/ianma/Documents/Simula/Multi-codificador/Multi-codificador.sim/sim_1/behav'
"xvhdl -m64 --relax -prj tb_codificador_vhdl.prj"
INFO: [VRFC 10-163] Analyzing VHDL file "C:/Users/ianma/Documents/Simula/Multi-codificador/Multi-codificador.srcs/sources_1/new/BCD2421.vhd" into library xil_defaultlib
INFO: [VRFC 10-307] analyzing entity BCD2421
INFO: [VRFC 10-163] Analyzing VHDL file "C:/Users/ianma/Documents/Simula/Multi-codificador/Multi-codificador.srcs/sources_1/new/BCD2421_Exp.vhd" into library xil_defaultlib
INFO: [VRFC 10-307] analyzing entity BCD2421_Exp
INFO: [VRFC 10-163] Analyzing VHDL file "C:/Users/ianma/Documents/Simula/Multi-codificador/Multi-codificador.srcs/sources_1/new/BCD5211.vhd" into library xil_defaultlib
INFO: [VRFC 10-307] analyzing entity BCD5211
INFO: [VRFC 10-163] Analyzing VHDL file "C:/Users/ianma/Documents/Simula/Multi-codificador/Multi-codificador.srcs/sources_1/new/BCD5211_Exp.vhd" into library xil_defaultlib
INFO: [VRFC 10-307] analyzing entity BCD5211_Exp
INFO: [VRFC 10-163] Analyzing VHDL file "C:/Users/ianma/Documents/Simula/Multi-codificador/Multi-codificador.srcs/sources_1/new/BCD7421.vhd" into library xil_defaultlib
INFO: [VRFC 10-307] analyzing entity BCD7421
INFO: [VRFC 10-163] Analyzing VHDL file "C:/Users/ianma/Documents/Simula/Multi-codificador/Multi-codificador.srcs/sources_1/new/BCD7421_Exp.vhd" into library xil_defaultlib
INFO: [VRFC 10-307] analyzing entity BCD7421_Exp
INFO: [VRFC 10-163] Analyzing VHDL file "C:/Users/ianma/Documents/Simula/Multi-codificador/Multi-codificador.srcs/sources_1/new/Codificador_Circ.vhd" into library xil_defaultlib
INFO: [VRFC 10-307] analyzing entity Codificador_Circ
INFO: [VRFC 10-163] Analyzing VHDL file "C:/Users/ianma/Documents/Simula/Multi-codificador/Multi-codificador.srcs/sources_1/new/Codificador_Exp.vhd" into library xil_defaultlib
INFO: [VRFC 10-307] analyzing entity Codificador_Exp
INFO: [VRFC 10-163] Analyzing VHDL file "C:/Users/ianma/Documents/Simula/Multi-codificador/Multi-codificador.srcs/sources_1/new/XS3.vhd" into library xil_defaultlib
INFO: [VRFC 10-307] analyzing entity XS3
INFO: [VRFC 10-163] Analyzing VHDL file "C:/Users/ianma/Documents/Simula/Multi-codificador/Multi-codificador.srcs/sources_1/new/XS3_Exp.vhd" into library xil_defaultlib
INFO: [VRFC 10-307] analyzing entity XS3_Exp
INFO: [VRFC 10-163] Analyzing VHDL file "C:/Users/ianma/Documents/Simula/Multi-codificador/Multi-codificador.srcs/sources_1/new/codificador.vhd" into library xil_defaultlib
INFO: [VRFC 10-307] analyzing entity codificador
INFO: [VRFC 10-163] Analyzing VHDL file "C:/Users/ianma/Documents/Simula/Multi-codificador/Multi-codificador.srcs/sim_1/new/tb_codificador.vhd" into library xil_defaultlib
INFO: [VRFC 10-307] analyzing entity tb_codificador
ERROR: [VRFC 10-1466] type time does not match with the integer literal [C:/Users/ianma/Documents/Simula/Multi-codificador/Multi-codificador.srcs/sim_1/new/tb_codificador.vhd:30]
ERROR: [VRFC 10-1504] unit behavioral ignored due to previous errors [C:/Users/ianma/Documents/Simula/Multi-codificador/Multi-codificador.srcs/sim_1/new/tb_codificador.vhd:9]
INFO: [VRFC 10-240] VHDL file C:/Users/ianma/Documents/Simula/Multi-codificador/Multi-codificador.srcs/sim_1/new/tb_codificador.vhd ignored due to errors
INFO: [USF-XSim-69] 'compile' step finished in '5' seconds
INFO: [USF-XSim-99] Step results log file:'C:/Users/ianma/Documents/Simula/Multi-codificador/Multi-codificador.sim/sim_1/behav/xvhdl.log'
ERROR: [USF-XSim-62] 'compile' step failed with error(s). Please check the Tcl console output or 'C:/Users/ianma/Documents/Simula/Multi-codificador/Multi-codificador.sim/sim_1/behav/xvhdl.log' file for more information.
ERROR: [Vivado 12-4473] Detected error while running simulation. Please correct the issue and retry this operation.
launch_simulation: Time (s): cpu = 00:00:02 ; elapsed = 00:00:06 . Memory (MB): peak = 840.891 ; gain = 0.000
ERROR: [Common 17-39] 'launch_simulation' failed due to earlier errors.
launch_simulation
INFO: [SIM-utils-51] Simulation object is 'sim_1'
INFO: [SIM-utils-54] Inspecting design source files for 'tb_codificador' in fileset 'sim_1'...
INFO: [USF-XSim-97] Finding global include files...
INFO: [USF-XSim-98] Fetching design files from 'sim_1'...
INFO: [USF-XSim-2] XSim::Compile design
INFO: [USF-XSim-61] Executing 'COMPILE and ANALYZE' step in 'C:/Users/ianma/Documents/Simula/Multi-codificador/Multi-codificador.sim/sim_1/behav'
"xvhdl -m64 --relax -prj tb_codificador_vhdl.prj"
INFO: [VRFC 10-163] Analyzing VHDL file "C:/Users/ianma/Documents/Simula/Multi-codificador/Multi-codificador.srcs/sources_1/new/BCD2421.vhd" into library xil_defaultlib
INFO: [VRFC 10-307] analyzing entity BCD2421
INFO: [VRFC 10-163] Analyzing VHDL file "C:/Users/ianma/Documents/Simula/Multi-codificador/Multi-codificador.srcs/sources_1/new/BCD2421_Exp.vhd" into library xil_defaultlib
INFO: [VRFC 10-307] analyzing entity BCD2421_Exp
INFO: [VRFC 10-163] Analyzing VHDL file "C:/Users/ianma/Documents/Simula/Multi-codificador/Multi-codificador.srcs/sources_1/new/BCD5211.vhd" into library xil_defaultlib
INFO: [VRFC 10-307] analyzing entity BCD5211
INFO: [VRFC 10-163] Analyzing VHDL file "C:/Users/ianma/Documents/Simula/Multi-codificador/Multi-codificador.srcs/sources_1/new/BCD5211_Exp.vhd" into library xil_defaultlib
INFO: [VRFC 10-307] analyzing entity BCD5211_Exp
INFO: [VRFC 10-163] Analyzing VHDL file "C:/Users/ianma/Documents/Simula/Multi-codificador/Multi-codificador.srcs/sources_1/new/BCD7421.vhd" into library xil_defaultlib
INFO: [VRFC 10-307] analyzing entity BCD7421
INFO: [VRFC 10-163] Analyzing VHDL file "C:/Users/ianma/Documents/Simula/Multi-codificador/Multi-codificador.srcs/sources_1/new/BCD7421_Exp.vhd" into library xil_defaultlib
INFO: [VRFC 10-307] analyzing entity BCD7421_Exp
INFO: [VRFC 10-163] Analyzing VHDL file "C:/Users/ianma/Documents/Simula/Multi-codificador/Multi-codificador.srcs/sources_1/new/Codificador_Circ.vhd" into library xil_defaultlib
INFO: [VRFC 10-307] analyzing entity Codificador_Circ
INFO: [VRFC 10-163] Analyzing VHDL file "C:/Users/ianma/Documents/Simula/Multi-codificador/Multi-codificador.srcs/sources_1/new/Codificador_Exp.vhd" into library xil_defaultlib
INFO: [VRFC 10-307] analyzing entity Codificador_Exp
INFO: [VRFC 10-163] Analyzing VHDL file "C:/Users/ianma/Documents/Simula/Multi-codificador/Multi-codificador.srcs/sources_1/new/XS3.vhd" into library xil_defaultlib
INFO: [VRFC 10-307] analyzing entity XS3
INFO: [VRFC 10-163] Analyzing VHDL file "C:/Users/ianma/Documents/Simula/Multi-codificador/Multi-codificador.srcs/sources_1/new/XS3_Exp.vhd" into library xil_defaultlib
INFO: [VRFC 10-307] analyzing entity XS3_Exp
INFO: [VRFC 10-163] Analyzing VHDL file "C:/Users/ianma/Documents/Simula/Multi-codificador/Multi-codificador.srcs/sources_1/new/codificador.vhd" into library xil_defaultlib
INFO: [VRFC 10-307] analyzing entity codificador
INFO: [VRFC 10-163] Analyzing VHDL file "C:/Users/ianma/Documents/Simula/Multi-codificador/Multi-codificador.srcs/sim_1/new/tb_codificador.vhd" into library xil_defaultlib
INFO: [VRFC 10-307] analyzing entity tb_codificador
run_program: Time (s): cpu = 00:00:01 ; elapsed = 00:00:05 . Memory (MB): peak = 840.891 ; gain = 0.000
INFO: [USF-XSim-69] 'compile' step finished in '5' seconds
INFO: [USF-XSim-3] XSim::Elaborate design
INFO: [USF-XSim-61] Executing 'ELABORATE' step in 'C:/Users/ianma/Documents/Simula/Multi-codificador/Multi-codificador.sim/sim_1/behav'
Vivado Simulator 2017.2
Copyright 1986-1999, 2001-2016 Xilinx, Inc. All Rights Reserved.
Running: C:/Xilinx/Vivado/2017.2/bin/unwrapped/win64.o/xelab.exe -wto 5a6aabd8d1ba49aca63f314d98e5d198 --debug typical --relax --mt 2 -L xil_defaultlib -L secureip --snapshot tb_codificador_behav xil_defaultlib.tb_codificador -log elaborate.log 
Using 2 slave threads.
Starting static elaboration
Completed static elaboration
Starting simulation data flow analysis
Completed simulation data flow analysis
Time Resolution for simulation is 1ps
Compiling package std.standard
Compiling package std.textio
Compiling package ieee.std_logic_1164
Compiling package ieee.numeric_std
Compiling architecture behavioral of entity xil_defaultlib.BCD7421 [bcd7421_default]
Compiling architecture behavioral of entity xil_defaultlib.BCD5211 [bcd5211_default]
Compiling architecture behavioral of entity xil_defaultlib.BCD2421 [bcd2421_default]
Compiling architecture behavioral of entity xil_defaultlib.XS3 [xs3_default]
Compiling architecture behavioral of entity xil_defaultlib.Codificador_Circ [codificador_circ_default]
Compiling architecture behavioral of entity xil_defaultlib.BCD7421_Exp [bcd7421_exp_default]
Compiling architecture behavioral of entity xil_defaultlib.BCD5211_Exp [bcd5211_exp_default]
Compiling architecture behavioral of entity xil_defaultlib.BCD2421_Exp [bcd2421_exp_default]
Compiling architecture behavioral of entity xil_defaultlib.XS3_Exp [xs3_exp_default]
Compiling architecture behavioral of entity xil_defaultlib.Codificador_Exp [codificador_exp_default]
Compiling architecture behavioral of entity xil_defaultlib.codificador [codificador_default]
Compiling architecture behavioral of entity xil_defaultlib.tb_codificador
Built simulation snapshot tb_codificador_behav

****** Webtalk v2017.2 (64-bit)
  **** SW Build 1909853 on Thu Jun 15 18:39:09 MDT 2017
  **** IP Build 1909766 on Thu Jun 15 19:58:00 MDT 2017
    ** Copyright 1986-2017 Xilinx, Inc. All Rights Reserved.

source C:/Users/ianma/Documents/Simula/Multi-codificador/Multi-codificador.sim/sim_1/behav/xsim.dir/tb_codificador_behav/webtalk/xsim_webtalk.tcl -notrace
INFO: [Common 17-206] Exiting Webtalk at Sun Jun 25 00:45:40 2017...
run_program: Time (s): cpu = 00:00:01 ; elapsed = 00:00:13 . Memory (MB): peak = 840.891 ; gain = 0.000
INFO: [USF-XSim-69] 'elaborate' step finished in '13' seconds
INFO: [USF-XSim-4] XSim::Simulate design
INFO: [USF-XSim-61] Executing 'SIMULATE' step in 'C:/Users/ianma/Documents/Simula/Multi-codificador/Multi-codificador.sim/sim_1/behav'
INFO: [USF-XSim-98] *** Running xsim
   with args "tb_codificador_behav -key {Behavioral:sim_1:Functional:tb_codificador} -tclbatch {tb_codificador.tcl} -log {simulate.log}"
INFO: [USF-XSim-8] Loading simulator feature
Vivado Simulator 2017.2
Time resolution is 1 ps
source tb_codificador.tcl
# set curr_wave [current_wave_config]
# if { [string length $curr_wave] == 0 } {
#   if { [llength [get_objects]] > 0} {
#     add_wave /
#     set_property needs_save false [current_wave_config]
#   } else {
#      send_msg_id Add_Wave-1 WARNING "No top level signals found. Simulator will start without a wave window. If you want to open a wave window go to 'File->New Waveform Configuration' or type 'create_wave_config' in the TCL console."
#   }
# }
# run 1280ns
xsim: Time (s): cpu = 00:00:10 ; elapsed = 00:00:08 . Memory (MB): peak = 840.891 ; gain = 0.000
INFO: [USF-XSim-96] XSim completed. Design snapshot 'tb_codificador_behav' loaded.
INFO: [USF-XSim-97] XSim simulation ran for 1280ns
launch_simulation: Time (s): cpu = 00:00:13 ; elapsed = 00:00:28 . Memory (MB): peak = 840.891 ; gain = 0.000
synth_design -rtl -name rtl_1
Command: synth_design -rtl -name rtl_1
Starting synth_design
Using part: xc7z010clg400-1
Top: codificador
---------------------------------------------------------------------------------
Starting RTL Elaboration : Time (s): cpu = 00:00:23 ; elapsed = 00:00:25 . Memory (MB): peak = 899.762 ; gain = 58.871
---------------------------------------------------------------------------------
INFO: [Synth 8-638] synthesizing module 'codificador' [C:/Users/ianma/Documents/Simula/Multi-codificador/Multi-codificador.srcs/sources_1/new/codificador.vhd:14]
INFO: [Synth 8-3491] module 'Codificador_Circ' declared at 'C:/Users/ianma/Documents/Simula/Multi-codificador/Multi-codificador.srcs/sources_1/new/Codificador_Circ.vhd:5' bound to instance 'PT1' of component 'Codificador_Circ' [C:/Users/ianma/Documents/Simula/Multi-codificador/Multi-codificador.srcs/sources_1/new/codificador.vhd:34]
INFO: [Synth 8-638] synthesizing module 'Codificador_Circ' [C:/Users/ianma/Documents/Simula/Multi-codificador/Multi-codificador.srcs/sources_1/new/Codificador_Circ.vhd:12]
INFO: [Synth 8-3491] module 'BCD7421' declared at 'C:/Users/ianma/Documents/Simula/Multi-codificador/Multi-codificador.srcs/sources_1/new/BCD7421.vhd:6' bound to instance 'CBCD7421' of component 'BCD7421' [C:/Users/ianma/Documents/Simula/Multi-codificador/Multi-codificador.srcs/sources_1/new/Codificador_Circ.vhd:37]
INFO: [Synth 8-638] synthesizing module 'BCD7421' [C:/Users/ianma/Documents/Simula/Multi-codificador/Multi-codificador.srcs/sources_1/new/BCD7421.vhd:11]
INFO: [Synth 8-256] done synthesizing module 'BCD7421' (1#1) [C:/Users/ianma/Documents/Simula/Multi-codificador/Multi-codificador.srcs/sources_1/new/BCD7421.vhd:11]
INFO: [Synth 8-3491] module 'BCD5211' declared at 'C:/Users/ianma/Documents/Simula/Multi-codificador/Multi-codificador.srcs/sources_1/new/BCD5211.vhd:6' bound to instance 'CBCD5211' of component 'BCD5211' [C:/Users/ianma/Documents/Simula/Multi-codificador/Multi-codificador.srcs/sources_1/new/Codificador_Circ.vhd:38]
INFO: [Synth 8-638] synthesizing module 'BCD5211' [C:/Users/ianma/Documents/Simula/Multi-codificador/Multi-codificador.srcs/sources_1/new/BCD5211.vhd:11]
INFO: [Synth 8-256] done synthesizing module 'BCD5211' (2#1) [C:/Users/ianma/Documents/Simula/Multi-codificador/Multi-codificador.srcs/sources_1/new/BCD5211.vhd:11]
INFO: [Synth 8-3491] module 'BCD2421' declared at 'C:/Users/ianma/Documents/Simula/Multi-codificador/Multi-codificador.srcs/sources_1/new/BCD2421.vhd:6' bound to instance 'CBCD2421' of component 'BCD2421' [C:/Users/ianma/Documents/Simula/Multi-codificador/Multi-codificador.srcs/sources_1/new/Codificador_Circ.vhd:39]
INFO: [Synth 8-638] synthesizing module 'BCD2421' [C:/Users/ianma/Documents/Simula/Multi-codificador/Multi-codificador.srcs/sources_1/new/BCD2421.vhd:11]
INFO: [Synth 8-256] done synthesizing module 'BCD2421' (3#1) [C:/Users/ianma/Documents/Simula/Multi-codificador/Multi-codificador.srcs/sources_1/new/BCD2421.vhd:11]
INFO: [Synth 8-3491] module 'XS3' declared at 'C:/Users/ianma/Documents/Simula/Multi-codificador/Multi-codificador.srcs/sources_1/new/XS3.vhd:5' bound to instance 'CXS3' of component 'XS3' [C:/Users/ianma/Documents/Simula/Multi-codificador/Multi-codificador.srcs/sources_1/new/Codificador_Circ.vhd:40]
INFO: [Synth 8-638] synthesizing module 'XS3' [C:/Users/ianma/Documents/Simula/Multi-codificador/Multi-codificador.srcs/sources_1/new/XS3.vhd:10]
INFO: [Synth 8-256] done synthesizing module 'XS3' (4#1) [C:/Users/ianma/Documents/Simula/Multi-codificador/Multi-codificador.srcs/sources_1/new/XS3.vhd:10]
ERROR: [Synth 8-26] attribute 'event not implemented [C:/Users/ianma/Documents/Simula/Multi-codificador/Multi-codificador.srcs/sources_1/new/Codificador_Circ.vhd:52]
ERROR: [Synth 8-285] failed synthesizing module 'Codificador_Circ' [C:/Users/ianma/Documents/Simula/Multi-codificador/Multi-codificador.srcs/sources_1/new/Codificador_Circ.vhd:12]
ERROR: [Synth 8-285] failed synthesizing module 'codificador' [C:/Users/ianma/Documents/Simula/Multi-codificador/Multi-codificador.srcs/sources_1/new/codificador.vhd:14]
---------------------------------------------------------------------------------
Finished RTL Elaboration : Time (s): cpu = 00:00:28 ; elapsed = 00:00:32 . Memory (MB): peak = 937.086 ; gain = 96.195
---------------------------------------------------------------------------------
RTL Elaboration failed
15 Infos, 0 Warnings, 0 Critical Warnings and 4 Errors encountered.
synth_design failed
ERROR: [Vivado_Tcl 4-5] Elaboration failed - please see the console for details
synth_design -rtl -name rtl_1
Command: synth_design -rtl -name rtl_1
Starting synth_design
Using part: xc7z010clg400-1
Top: codificador
---------------------------------------------------------------------------------
Starting RTL Elaboration : Time (s): cpu = 00:00:22 ; elapsed = 00:00:22 . Memory (MB): peak = 937.086 ; gain = 0.000
---------------------------------------------------------------------------------
INFO: [Synth 8-638] synthesizing module 'codificador' [C:/Users/ianma/Documents/Simula/Multi-codificador/Multi-codificador.srcs/sources_1/new/codificador.vhd:14]
INFO: [Synth 8-3491] module 'Codificador_Circ' declared at 'C:/Users/ianma/Documents/Simula/Multi-codificador/Multi-codificador.srcs/sources_1/new/Codificador_Circ.vhd:5' bound to instance 'PT1' of component 'Codificador_Circ' [C:/Users/ianma/Documents/Simula/Multi-codificador/Multi-codificador.srcs/sources_1/new/codificador.vhd:34]
INFO: [Synth 8-638] synthesizing module 'Codificador_Circ' [C:/Users/ianma/Documents/Simula/Multi-codificador/Multi-codificador.srcs/sources_1/new/Codificador_Circ.vhd:12]
INFO: [Synth 8-3491] module 'BCD7421' declared at 'C:/Users/ianma/Documents/Simula/Multi-codificador/Multi-codificador.srcs/sources_1/new/BCD7421.vhd:6' bound to instance 'CBCD7421' of component 'BCD7421' [C:/Users/ianma/Documents/Simula/Multi-codificador/Multi-codificador.srcs/sources_1/new/Codificador_Circ.vhd:37]
INFO: [Synth 8-638] synthesizing module 'BCD7421' [C:/Users/ianma/Documents/Simula/Multi-codificador/Multi-codificador.srcs/sources_1/new/BCD7421.vhd:11]
INFO: [Synth 8-256] done synthesizing module 'BCD7421' (1#1) [C:/Users/ianma/Documents/Simula/Multi-codificador/Multi-codificador.srcs/sources_1/new/BCD7421.vhd:11]
INFO: [Synth 8-3491] module 'BCD5211' declared at 'C:/Users/ianma/Documents/Simula/Multi-codificador/Multi-codificador.srcs/sources_1/new/BCD5211.vhd:6' bound to instance 'CBCD5211' of component 'BCD5211' [C:/Users/ianma/Documents/Simula/Multi-codificador/Multi-codificador.srcs/sources_1/new/Codificador_Circ.vhd:38]
INFO: [Synth 8-638] synthesizing module 'BCD5211' [C:/Users/ianma/Documents/Simula/Multi-codificador/Multi-codificador.srcs/sources_1/new/BCD5211.vhd:11]
INFO: [Synth 8-256] done synthesizing module 'BCD5211' (2#1) [C:/Users/ianma/Documents/Simula/Multi-codificador/Multi-codificador.srcs/sources_1/new/BCD5211.vhd:11]
INFO: [Synth 8-3491] module 'BCD2421' declared at 'C:/Users/ianma/Documents/Simula/Multi-codificador/Multi-codificador.srcs/sources_1/new/BCD2421.vhd:6' bound to instance 'CBCD2421' of component 'BCD2421' [C:/Users/ianma/Documents/Simula/Multi-codificador/Multi-codificador.srcs/sources_1/new/Codificador_Circ.vhd:39]
INFO: [Synth 8-638] synthesizing module 'BCD2421' [C:/Users/ianma/Documents/Simula/Multi-codificador/Multi-codificador.srcs/sources_1/new/BCD2421.vhd:11]
INFO: [Synth 8-256] done synthesizing module 'BCD2421' (3#1) [C:/Users/ianma/Documents/Simula/Multi-codificador/Multi-codificador.srcs/sources_1/new/BCD2421.vhd:11]
INFO: [Synth 8-3491] module 'XS3' declared at 'C:/Users/ianma/Documents/Simula/Multi-codificador/Multi-codificador.srcs/sources_1/new/XS3.vhd:5' bound to instance 'CXS3' of component 'XS3' [C:/Users/ianma/Documents/Simula/Multi-codificador/Multi-codificador.srcs/sources_1/new/Codificador_Circ.vhd:40]
INFO: [Synth 8-638] synthesizing module 'XS3' [C:/Users/ianma/Documents/Simula/Multi-codificador/Multi-codificador.srcs/sources_1/new/XS3.vhd:10]
INFO: [Synth 8-256] done synthesizing module 'XS3' (4#1) [C:/Users/ianma/Documents/Simula/Multi-codificador/Multi-codificador.srcs/sources_1/new/XS3.vhd:10]
ERROR: [Synth 8-26] attribute 'event not implemented [C:/Users/ianma/Documents/Simula/Multi-codificador/Multi-codificador.srcs/sources_1/new/Codificador_Circ.vhd:52]
ERROR: [Synth 8-285] failed synthesizing module 'Codificador_Circ' [C:/Users/ianma/Documents/Simula/Multi-codificador/Multi-codificador.srcs/sources_1/new/Codificador_Circ.vhd:12]
ERROR: [Synth 8-285] failed synthesizing module 'codificador' [C:/Users/ianma/Documents/Simula/Multi-codificador/Multi-codificador.srcs/sources_1/new/codificador.vhd:14]
---------------------------------------------------------------------------------
Finished RTL Elaboration : Time (s): cpu = 00:00:26 ; elapsed = 00:00:27 . Memory (MB): peak = 937.086 ; gain = 0.000
---------------------------------------------------------------------------------
RTL Elaboration failed
15 Infos, 0 Warnings, 0 Critical Warnings and 4 Errors encountered.
synth_design failed
ERROR: [Vivado_Tcl 4-5] Elaboration failed - please see the console for details
synth_design -rtl -name rtl_1
Command: synth_design -rtl -name rtl_1
Starting synth_design
Using part: xc7z010clg400-1
Top: codificador
---------------------------------------------------------------------------------
Starting RTL Elaboration : Time (s): cpu = 00:00:22 ; elapsed = 00:00:22 . Memory (MB): peak = 937.086 ; gain = 0.000
---------------------------------------------------------------------------------
INFO: [Synth 8-638] synthesizing module 'codificador' [C:/Users/ianma/Documents/Simula/Multi-codificador/Multi-codificador.srcs/sources_1/new/codificador.vhd:14]
INFO: [Synth 8-3491] module 'Codificador_Circ' declared at 'C:/Users/ianma/Documents/Simula/Multi-codificador/Multi-codificador.srcs/sources_1/new/Codificador_Circ.vhd:5' bound to instance 'PT1' of component 'Codificador_Circ' [C:/Users/ianma/Documents/Simula/Multi-codificador/Multi-codificador.srcs/sources_1/new/codificador.vhd:34]
INFO: [Synth 8-638] synthesizing module 'Codificador_Circ' [C:/Users/ianma/Documents/Simula/Multi-codificador/Multi-codificador.srcs/sources_1/new/Codificador_Circ.vhd:12]
INFO: [Synth 8-3491] module 'BCD7421' declared at 'C:/Users/ianma/Documents/Simula/Multi-codificador/Multi-codificador.srcs/sources_1/new/BCD7421.vhd:6' bound to instance 'CBCD7421' of component 'BCD7421' [C:/Users/ianma/Documents/Simula/Multi-codificador/Multi-codificador.srcs/sources_1/new/Codificador_Circ.vhd:37]
INFO: [Synth 8-638] synthesizing module 'BCD7421' [C:/Users/ianma/Documents/Simula/Multi-codificador/Multi-codificador.srcs/sources_1/new/BCD7421.vhd:11]
INFO: [Synth 8-256] done synthesizing module 'BCD7421' (1#1) [C:/Users/ianma/Documents/Simula/Multi-codificador/Multi-codificador.srcs/sources_1/new/BCD7421.vhd:11]
INFO: [Synth 8-3491] module 'BCD5211' declared at 'C:/Users/ianma/Documents/Simula/Multi-codificador/Multi-codificador.srcs/sources_1/new/BCD5211.vhd:6' bound to instance 'CBCD5211' of component 'BCD5211' [C:/Users/ianma/Documents/Simula/Multi-codificador/Multi-codificador.srcs/sources_1/new/Codificador_Circ.vhd:38]
INFO: [Synth 8-638] synthesizing module 'BCD5211' [C:/Users/ianma/Documents/Simula/Multi-codificador/Multi-codificador.srcs/sources_1/new/BCD5211.vhd:11]
INFO: [Synth 8-256] done synthesizing module 'BCD5211' (2#1) [C:/Users/ianma/Documents/Simula/Multi-codificador/Multi-codificador.srcs/sources_1/new/BCD5211.vhd:11]
INFO: [Synth 8-3491] module 'BCD2421' declared at 'C:/Users/ianma/Documents/Simula/Multi-codificador/Multi-codificador.srcs/sources_1/new/BCD2421.vhd:6' bound to instance 'CBCD2421' of component 'BCD2421' [C:/Users/ianma/Documents/Simula/Multi-codificador/Multi-codificador.srcs/sources_1/new/Codificador_Circ.vhd:39]
INFO: [Synth 8-638] synthesizing module 'BCD2421' [C:/Users/ianma/Documents/Simula/Multi-codificador/Multi-codificador.srcs/sources_1/new/BCD2421.vhd:11]
INFO: [Synth 8-256] done synthesizing module 'BCD2421' (3#1) [C:/Users/ianma/Documents/Simula/Multi-codificador/Multi-codificador.srcs/sources_1/new/BCD2421.vhd:11]
INFO: [Synth 8-3491] module 'XS3' declared at 'C:/Users/ianma/Documents/Simula/Multi-codificador/Multi-codificador.srcs/sources_1/new/XS3.vhd:5' bound to instance 'CXS3' of component 'XS3' [C:/Users/ianma/Documents/Simula/Multi-codificador/Multi-codificador.srcs/sources_1/new/Codificador_Circ.vhd:40]
INFO: [Synth 8-638] synthesizing module 'XS3' [C:/Users/ianma/Documents/Simula/Multi-codificador/Multi-codificador.srcs/sources_1/new/XS3.vhd:10]
INFO: [Synth 8-256] done synthesizing module 'XS3' (4#1) [C:/Users/ianma/Documents/Simula/Multi-codificador/Multi-codificador.srcs/sources_1/new/XS3.vhd:10]
INFO: [Synth 8-256] done synthesizing module 'Codificador_Circ' (5#1) [C:/Users/ianma/Documents/Simula/Multi-codificador/Multi-codificador.srcs/sources_1/new/Codificador_Circ.vhd:12]
INFO: [Synth 8-3491] module 'Codificador_Exp' declared at 'C:/Users/ianma/Documents/Simula/Multi-codificador/Multi-codificador.srcs/sources_1/new/Codificador_Exp.vhd:5' bound to instance 'PT2' of component 'Codificador_Exp' [C:/Users/ianma/Documents/Simula/Multi-codificador/Multi-codificador.srcs/sources_1/new/codificador.vhd:35]
INFO: [Synth 8-638] synthesizing module 'Codificador_Exp' [C:/Users/ianma/Documents/Simula/Multi-codificador/Multi-codificador.srcs/sources_1/new/Codificador_Exp.vhd:12]
INFO: [Synth 8-3491] module 'BCD7421_Exp' declared at 'C:/Users/ianma/Documents/Simula/Multi-codificador/Multi-codificador.srcs/sources_1/new/BCD7421_Exp.vhd:5' bound to instance 'CBCD7421_Exp' of component 'BCD7421_Exp' [C:/Users/ianma/Documents/Simula/Multi-codificador/Multi-codificador.srcs/sources_1/new/Codificador_Exp.vhd:37]
INFO: [Synth 8-638] synthesizing module 'BCD7421_Exp' [C:/Users/ianma/Documents/Simula/Multi-codificador/Multi-codificador.srcs/sources_1/new/BCD7421_Exp.vhd:10]
INFO: [Synth 8-256] done synthesizing module 'BCD7421_Exp' (6#1) [C:/Users/ianma/Documents/Simula/Multi-codificador/Multi-codificador.srcs/sources_1/new/BCD7421_Exp.vhd:10]
INFO: [Synth 8-3491] module 'BCD5211_Exp' declared at 'C:/Users/ianma/Documents/Simula/Multi-codificador/Multi-codificador.srcs/sources_1/new/BCD5211_Exp.vhd:5' bound to instance 'CBCD5211_Exp' of component 'BCD5211_Exp' [C:/Users/ianma/Documents/Simula/Multi-codificador/Multi-codificador.srcs/sources_1/new/Codificador_Exp.vhd:38]
INFO: [Synth 8-638] synthesizing module 'BCD5211_Exp' [C:/Users/ianma/Documents/Simula/Multi-codificador/Multi-codificador.srcs/sources_1/new/BCD5211_Exp.vhd:10]
INFO: [Synth 8-256] done synthesizing module 'BCD5211_Exp' (7#1) [C:/Users/ianma/Documents/Simula/Multi-codificador/Multi-codificador.srcs/sources_1/new/BCD5211_Exp.vhd:10]
INFO: [Synth 8-3491] module 'BCD2421_Exp' declared at 'C:/Users/ianma/Documents/Simula/Multi-codificador/Multi-codificador.srcs/sources_1/new/BCD2421_Exp.vhd:5' bound to instance 'CBCD2421_Exp' of component 'BCD2421_Exp' [C:/Users/ianma/Documents/Simula/Multi-codificador/Multi-codificador.srcs/sources_1/new/Codificador_Exp.vhd:39]
INFO: [Synth 8-638] synthesizing module 'BCD2421_Exp' [C:/Users/ianma/Documents/Simula/Multi-codificador/Multi-codificador.srcs/sources_1/new/BCD2421_Exp.vhd:10]
INFO: [Synth 8-256] done synthesizing module 'BCD2421_Exp' (8#1) [C:/Users/ianma/Documents/Simula/Multi-codificador/Multi-codificador.srcs/sources_1/new/BCD2421_Exp.vhd:10]
INFO: [Synth 8-3491] module 'XS3_Exp' declared at 'C:/Users/ianma/Documents/Simula/Multi-codificador/Multi-codificador.srcs/sources_1/new/XS3_Exp.vhd:5' bound to instance 'CXS3_Exp' of component 'XS3_Exp' [C:/Users/ianma/Documents/Simula/Multi-codificador/Multi-codificador.srcs/sources_1/new/Codificador_Exp.vhd:40]
INFO: [Synth 8-638] synthesizing module 'XS3_Exp' [C:/Users/ianma/Documents/Simula/Multi-codificador/Multi-codificador.srcs/sources_1/new/XS3_Exp.vhd:10]
INFO: [Synth 8-256] done synthesizing module 'XS3_Exp' (9#1) [C:/Users/ianma/Documents/Simula/Multi-codificador/Multi-codificador.srcs/sources_1/new/XS3_Exp.vhd:10]
INFO: [Synth 8-256] done synthesizing module 'Codificador_Exp' (10#1) [C:/Users/ianma/Documents/Simula/Multi-codificador/Multi-codificador.srcs/sources_1/new/Codificador_Exp.vhd:12]
INFO: [Synth 8-256] done synthesizing module 'codificador' (11#1) [C:/Users/ianma/Documents/Simula/Multi-codificador/Multi-codificador.srcs/sources_1/new/codificador.vhd:14]
---------------------------------------------------------------------------------
Finished RTL Elaboration : Time (s): cpu = 00:00:28 ; elapsed = 00:00:28 . Memory (MB): peak = 937.086 ; gain = 0.000
---------------------------------------------------------------------------------

Report Check Netlist: 
+------+------------------+-------+---------+-------+------------------+
|      |Item              |Errors |Warnings |Status |Description       |
+------+------------------+-------+---------+-------+------------------+
|1     |multi_driven_nets |      0|        0|Passed |Multi driven nets |
+------+------------------+-------+---------+-------+------------------+
---------------------------------------------------------------------------------
Finished RTL Optimization Phase 1 : Time (s): cpu = 00:00:28 ; elapsed = 00:00:29 . Memory (MB): peak = 937.086 ; gain = 0.000
---------------------------------------------------------------------------------
INFO: [Device 21-403] Loading part xc7z010clg400-1
INFO: [Project 1-570] Preparing netlist for logic optimization

Processing XDC Constraints
Initializing timing engine
Completed Processing XDC Constraints

INFO: [Opt 31-138] Pushed 0 inverter(s) to 0 load pin(s).
INFO: [Project 1-111] Unisim Transformation Summary:
No Unisim elements were transformed.

RTL Elaboration Complete:  : Time (s): cpu = 00:02:03 ; elapsed = 00:01:42 . Memory (MB): peak = 1218.973 ; gain = 281.887
36 Infos, 0 Warnings, 0 Critical Warnings and 0 Errors encountered.
synth_design completed successfully
synth_design: Time (s): cpu = 00:02:03 ; elapsed = 00:01:42 . Memory (MB): peak = 1218.973 ; gain = 281.887
close_sim
INFO: [Simtcl 6-16] Simulation closed
close_sim: Time (s): cpu = 00:00:01 ; elapsed = 00:00:08 . Memory (MB): peak = 1218.973 ; gain = 0.000
exit
INFO: [Common 17-206] Exiting Vivado at Sun Jun 25 01:28:55 2017...
