Exception at PC 0x00007FFAF7F2BB93
Printing stacktrace...

Exception at PC 0x00007FFB60539E08
Exception at PC 0x00007FFB60539E08
Exception at PC 0x00007FFB60539E08
Exception at PC 0x00007FFB60539E08
Exception at PC 0x00007FFB60539E08
Exception at PC 0x00007FFB60539E08
Exception at PC 0x00007FFB60539E08
Exception at PC 0x00007FFB60539E08
Exception at PC 0x00007FFB60539E08
Exception at PC 0x00007FFB60539E08
Exception at PC 0x00007FFB60539E08
Exception at PC 0x00007FFB60539E08
Exception at PC 0x00007FFB60539E08
Exception at PC 0x00007FFB60539E08
Exception at PC 0x00007FFB60539E08
Exception at PC 0x00007FFB60539E08
Exception at PC 0x00007FFB60539E08
[0]  [0x00007FFAF7F2BB93]
[1]  [0x00007FFAF7F2BB93]
[2]  [0x00007FFAF7F2B4A1]
[3]  [0x00007FFAF7F2B3EF]
[4]  [0x00007FFAF7F119FE]
[5]  [0x00007FFAF7F10ED1]
[6]  [0x00007FFAF7F10D76]
[7]  [0x00007FFAF7EB79F6]
[8]  [0x00007FFAF7EA7AFB]
[9]  [0x00007FFAF7FCE90A]
[10]  [0x00007FFAF7FE9F87]
[11]  [0x00007FFAF7FEA05F]
[12] (BaseThreadInitThunk+0x14) [0x00007FFB61032774]
[13] (RtlUserThreadStart+0x21) [0x00007FFB63920D61]
Done
Exception at PC 0x00007FFAF7C31A52
Attemped to write at address 0x00007FFB3D7E9BA4
Printing stacktrace...

[0]  [0x00007FFAF7C31A52]
[1]  [0x00007FFAF7C31A52]
[2]  [0x00007FFAF7C31AD4]
[3]  [0x00007FFAF7D73FF7]
[4]  [0x00007FFAF7C59128]
[5]  [0x00007FFAF7F0DFB9]
[6]  [0x00007FFAF80DEF23]
[7]  [0x00007FFAF7FEB06B]
[8]  [0x00007FFAF7FE08AF]
[9]  [0x00007FFAF7FE0A32]
[10] (RtlDeactivateActivationContextUnsafeFast+0x1af) [0x00007FFB638D486F]
[11] (LdrShutdownProcess+0x12c) [0x00007FFB638FD44C]
[12] (RtlExitUserProcess+0xb4) [0x00007FFB638FD304]
[13] (FatalExit+0xa) [0x00007FFB6103C0DA]
[14] (exit+0x75) [0x00007FFB62C5A045]
[15] (initterm_e+0x21d) [0x00007FFB62C5A68D]
[16]  [0x00000000004014CD]
[17]  [0x000000000040151B]
[18] (BaseThreadInitThunk+0x14) [0x00007FFB61032774]
[19] (RtlUserThreadStart+0x21) [0x00007FFB63920D61]
Done
