Unable to capture context for thread 7592 in process 6172, can not generate back trace
Exception at PC 0x00007FFB60539E08
Exception at PC 0x00007FFB60539E08
Exception at PC 0x00007FFB60539E08
Exception at PC 0x00007FFB60539E08
Exception at PC 0x00007FFB60539E08
Unable to capture context for thread 7100 in process 6172, can not generate back trace
Unable to capture context for thread 7468 in process 6172, can not generate back trace
Exception at PC 0x00007FFAED2BBB93
Printing stacktrace...

Unable to capture context for thread 7632 in process 6172, can not generate back trace
Exception at PC 0x00007FFB60539E08
Exception at PC 0x00007FFB60539E08
Exception at PC 0x00007FFB60539E08
Exception at PC 0x00007FFB60539E08
Exception at PC 0x00007FFB60539E08
Exception at PC 0x00007FFB60539E08
Exception at PC 0x00007FFB60539E08
Exception at PC 0x00007FFB60539E08
Exception at PC 0x00007FFB60539E08
Exception at PC 0x00007FFB60539E08
Exception at PC 0x00007FFB60539E08
Exception at PC 0x00007FFB60539E08
[0]  [0x00007FFAED2BBB93]
[1]  [0x00007FFAED2BBB93]
[2]  [0x00007FFAED2BB4A1]
[3]  [0x00007FFAED2BB3EF]
[4]  [0x00007FFAED2A19FE]
[5]  [0x00007FFAED2A0ED1]
[6]  [0x00007FFAED2A0D76]
[7]  [0x00007FFAED2479F6]
[8]  [0x00007FFAED237AFB]
[9]  [0x00007FFAED35E90A]
[10]  [0x00007FFAED379F87]
[11]  [0x00007FFAED37A05F]
[12] (BaseThreadInitThunk+0x14) [0x00007FFB61032774]
[13] (RtlUserThreadStart+0x21) [0x00007FFB63920D61]
Done
Exception at PC 0x00007FFAECFC1A52
Attemped to write at address 0x00007FFB3D7E9BA4
Printing stacktrace...

[0]  [0x00007FFAECFC1A52]
[1]  [0x00007FFAECFC1A52]
[2]  [0x00007FFAECFC1AD4]
[3]  [0x00007FFAED103FF7]
[4]  [0x00007FFAECFE9128]
[5]  [0x00007FFAED29DFB9]
[6]  [0x00007FFAED46EF23]
[7]  [0x00007FFAED37B06B]
[8]  [0x00007FFAED3708AF]
[9]  [0x00007FFAED370A32]
[10] (RtlDeactivateActivationContextUnsafeFast+0x1af) [0x00007FFB638D486F]
[11] (LdrShutdownProcess+0x12c) [0x00007FFB638FD44C]
[12] (RtlExitUserProcess+0xb4) [0x00007FFB638FD304]
[13] (FatalExit+0xa) [0x00007FFB6103C0DA]
[14] (exit+0x75) [0x00007FFB62C5A045]
[15] (initterm_e+0x21d) [0x00007FFB62C5A68D]
[16]  [0x00000000004014CD]
[17]  [0x000000000040151B]
[18] (BaseThreadInitThunk+0x14) [0x00007FFB61032774]
[19] (RtlUserThreadStart+0x21) [0x00007FFB63920D61]
Done
