Exception at PC 0x00007FFCEFEEBB93
Printing stacktrace...

[0]  [0x00007FFCEFEEBB93]
[1]  [0x00007FFCEFEEBB93]
[2]  [0x00007FFCEFEEB4A1]
[3]  [0x00007FFCEFEEB3EF]
[4]  [0x00007FFCEFED19FE]
[5]  [0x00007FFCEFED0ED1]
[6]  [0x00007FFCEFED0D76]
[7]  [0x00007FFCEFE779F6]
[8]  [0x00007FFCEFE67AFB]
[9]  [0x00007FFCEFF8E90A]
[10]  [0x00007FFCEFFA9F87]
[11]  [0x00007FFCEFFAA05F]
[12] (BaseThreadInitThunk+0x14) [0x00007FFD536C2774]
[13] (RtlUserThreadStart+0x21) [0x00007FFD54460D61]
Done
Exception at PC 0x00007FFCEFBF1A52
Attemped to write at address 0x00007FFD2637ABA4
Printing stacktrace...

[0]  [0x00007FFCEFBF1A52]
[1]  [0x00007FFCEFBF1A52]
[2]  [0x00007FFCEFBF1AD4]
[3]  [0x00007FFCEFD33FF7]
[4]  [0x00007FFCEFC19128]
[5]  [0x00007FFCEFECDFB9]
[6]  [0x00007FFCF009EF23]
[7]  [0x00007FFCEFFAB06B]
[8]  [0x00007FFCEFFA08AF]
[9]  [0x00007FFCEFFA0A32]
[10] (RtlDeactivateActivationContextUnsafeFast+0x1af) [0x00007FFD5441486F]
[11] (LdrShutdownProcess+0x12c) [0x00007FFD5443D44C]
[12] (RtlExitUserProcess+0xb4) [0x00007FFD5443D304]
[13] (FatalExit+0xa) [0x00007FFD536CC0DA]
[14] (exit+0x75) [0x00007FFD535DA045]
[15] (initterm_e+0x21d) [0x00007FFD535DA68D]
[16]  [0x00000000004014CD]
[17]  [0x000000000040151B]
[18] (BaseThreadInitThunk+0x14) [0x00007FFD536C2774]
[19] (RtlUserThreadStart+0x21) [0x00007FFD54460D61]
Done
